2020-12-23 21:08:14.311 [main] INFO  o.a.d.s.b.c.event.WelcomeLogoApplicationListener - 

 :: Dubbo Spring Boot (v2.7.8) : https://github.com/apache/dubbo-spring-boot-project
 :: Dubbo (v2.7.8) : https://github.com/apache/dubbo
 :: Discuss group : dev@dubbo.apache.org

2020-12-23 21:08:14.319 [main] INFO  o.a.d.s.b.c.e.OverrideDubboConfigApplicationListener - Dubbo Config was overridden by externalized configuration {dubbo.application.name=aftersale-service, dubbo.application.qos-enable=false, dubbo.config.multiple=true, dubbo.consumer.check=false, dubbo.protocol.name=dubbo, dubbo.protocol.port=28091, dubbo.registry.address=nacos://47.115.162.144:8847, dubbo.scan.base-packages=cn.edu.xmu.goods.service}
2020-12-23 21:08:14.378 [background-preinit] INFO  org.hibernate.validator.internal.util.Version - HV000001: Hibernate Validator 6.1.5.Final
2020-12-23 21:08:14.425 [main] INFO  cn.edu.xmu.other.AftersaleApplication - Starting AftersaleApplication on NULL0X73-FX63VM with PID 10596 (C:\^CODE\privilege-master\aftersale\target\classes started by ADMIN in C:\^CODE\privilege-master\aftersale)
2020-12-23 21:08:14.426 [main] INFO  cn.edu.xmu.other.AftersaleApplication - No active profile set, falling back to default profiles: default
2020-12-23 21:08:15.081 [main] INFO  com.alibaba.spring.util.BeanRegistrar - The Infrastructure bean definition [Root bean: class [org.apache.dubbo.config.spring.beans.factory.annotation.ReferenceAnnotationBeanPostProcessor]; scope=; abstract=false; lazyInit=null; autowireMode=0; dependencyCheck=0; autowireCandidate=true; primary=false; factoryBeanName=null; factoryMethodName=null; initMethodName=null; destroyMethodName=nullwith name [referenceAnnotationBeanPostProcessor] has been registered.
2020-12-23 21:08:15.082 [main] INFO  com.alibaba.spring.util.BeanRegistrar - The Infrastructure bean definition [Root bean: class [org.apache.dubbo.config.spring.beans.factory.annotation.DubboConfigAliasPostProcessor]; scope=; abstract=false; lazyInit=null; autowireMode=0; dependencyCheck=0; autowireCandidate=true; primary=false; factoryBeanName=null; factoryMethodName=null; initMethodName=null; destroyMethodName=nullwith name [dubboConfigAliasPostProcessor] has been registered.
2020-12-23 21:08:15.082 [main] INFO  com.alibaba.spring.util.BeanRegistrar - The Infrastructure bean definition [Root bean: class [org.apache.dubbo.config.spring.context.DubboLifecycleComponentApplicationListener]; scope=; abstract=false; lazyInit=null; autowireMode=0; dependencyCheck=0; autowireCandidate=true; primary=false; factoryBeanName=null; factoryMethodName=null; initMethodName=null; destroyMethodName=nullwith name [dubboLifecycleComponentApplicationListener] has been registered.
2020-12-23 21:08:15.083 [main] INFO  com.alibaba.spring.util.BeanRegistrar - The Infrastructure bean definition [Root bean: class [org.apache.dubbo.config.spring.context.DubboBootstrapApplicationListener]; scope=; abstract=false; lazyInit=null; autowireMode=0; dependencyCheck=0; autowireCandidate=true; primary=false; factoryBeanName=null; factoryMethodName=null; initMethodName=null; destroyMethodName=nullwith name [dubboBootstrapApplicationListener] has been registered.
2020-12-23 21:08:15.083 [main] INFO  com.alibaba.spring.util.BeanRegistrar - The Infrastructure bean definition [Root bean: class [org.apache.dubbo.config.spring.beans.factory.config.DubboConfigDefaultPropertyValueBeanPostProcessor]; scope=; abstract=false; lazyInit=null; autowireMode=0; dependencyCheck=0; autowireCandidate=true; primary=false; factoryBeanName=null; factoryMethodName=null; initMethodName=null; destroyMethodName=nullwith name [dubboConfigDefaultPropertyValueBeanPostProcessor] has been registered.
2020-12-23 21:08:15.128 [main] INFO  o.s.d.r.config.RepositoryConfigurationDelegate - Multiple Spring Data modules found, entering strict repository configuration mode!
2020-12-23 21:08:15.130 [main] INFO  o.s.d.r.config.RepositoryConfigurationDelegate - Bootstrapping Spring Data Redis repositories in DEFAULT mode.
2020-12-23 21:08:15.158 [main] INFO  o.s.d.r.config.RepositoryConfigurationDelegate - Finished Spring Data repository scanning in 16ms. Found 0 Redis repository interfaces.
2020-12-23 21:08:15.242 [main] INFO  c.a.s.b.f.a.ConfigurationBeanBindingRegistrar - The configuration bean definition [name : org.apache.dubbo.config.ApplicationConfig#0, content : Root bean: class [org.apache.dubbo.config.ApplicationConfig]; scope=; abstract=false; lazyInit=null; autowireMode=0; dependencyCheck=0; autowireCandidate=true; primary=false; factoryBeanName=null; factoryMethodName=null; initMethodName=null; destroyMethodName=null] has been registered.
2020-12-23 21:08:15.242 [main] INFO  com.alibaba.spring.util.BeanRegistrar - The Infrastructure bean definition [Root bean: class [com.alibaba.spring.beans.factory.annotation.ConfigurationBeanBindingPostProcessor]; scope=; abstract=false; lazyInit=null; autowireMode=0; dependencyCheck=0; autowireCandidate=true; primary=false; factoryBeanName=null; factoryMethodName=null; initMethodName=null; destroyMethodName=nullwith name [configurationBeanBindingPostProcessor] has been registered.
2020-12-23 21:08:15.242 [main] INFO  c.a.s.b.f.a.ConfigurationBeanBindingRegistrar - The configuration bean definition [name : org.apache.dubbo.config.RegistryConfig#0, content : Root bean: class [org.apache.dubbo.config.RegistryConfig]; scope=; abstract=false; lazyInit=null; autowireMode=0; dependencyCheck=0; autowireCandidate=true; primary=false; factoryBeanName=null; factoryMethodName=null; initMethodName=null; destroyMethodName=null] has been registered.
2020-12-23 21:08:15.243 [main] INFO  c.a.s.b.f.a.ConfigurationBeanBindingRegistrar - The configuration bean definition [name : org.apache.dubbo.config.ProtocolConfig#0, content : Root bean: class [org.apache.dubbo.config.ProtocolConfig]; scope=; abstract=false; lazyInit=null; autowireMode=0; dependencyCheck=0; autowireCandidate=true; primary=false; factoryBeanName=null; factoryMethodName=null; initMethodName=null; destroyMethodName=null] has been registered.
2020-12-23 21:08:15.243 [main] INFO  c.a.s.b.f.a.ConfigurationBeanBindingRegistrar - The configuration bean definition [name : org.apache.dubbo.config.ConsumerConfig#0, content : Root bean: class [org.apache.dubbo.config.ConsumerConfig]; scope=; abstract=false; lazyInit=null; autowireMode=0; dependencyCheck=0; autowireCandidate=true; primary=false; factoryBeanName=null; factoryMethodName=null; initMethodName=null; destroyMethodName=null] has been registered.
2020-12-23 21:08:15.345 [main] INFO  com.alibaba.spring.util.BeanRegistrar - The Infrastructure bean definition [Root bean: class [org.apache.dubbo.config.spring.context.DubboBootstrapApplicationListener]; scope=; abstract=false; lazyInit=null; autowireMode=0; dependencyCheck=0; autowireCandidate=true; primary=false; factoryBeanName=null; factoryMethodName=null; initMethodName=null; destroyMethodName=nullwith name [dubboBootstrapApplicationListener] has been registered.
2020-12-23 21:08:15.600 [main] INFO  o.s.c.annotation.ConfigurationClassPostProcessor - Cannot enhance @Configuration bean definition 'org.apache.dubbo.spring.boot.autoconfigure.DubboRelaxedBinding2AutoConfiguration' since its singleton instance has been created too early. The typical cause is a non-static @Bean method with a BeanDefinitionRegistryPostProcessor return type: Consider declaring such methods as 'static'.
2020-12-23 21:08:15.600 [main] INFO  o.s.c.annotation.ConfigurationClassPostProcessor - Cannot enhance @Configuration bean definition 'org.apache.dubbo.spring.boot.autoconfigure.DubboAutoConfiguration' since its singleton instance has been created too early. The typical cause is a non-static @Bean method with a BeanDefinitionRegistryPostProcessor return type: Consider declaring such methods as 'static'.
2020-12-23 21:08:16.367 [main] INFO  o.s.boot.web.embedded.tomcat.TomcatWebServer - Tomcat initialized with port(s): 8084 (http)
2020-12-23 21:08:16.378 [main] INFO  org.apache.coyote.http11.Http11NioProtocol - Initializing ProtocolHandler ["http-nio-8084"]
2020-12-23 21:08:16.379 [main] INFO  org.apache.catalina.core.StandardService - Starting service [Tomcat]
2020-12-23 21:08:16.379 [main] INFO  org.apache.catalina.core.StandardEngine - Starting Servlet engine: [Apache Tomcat/9.0.37]
2020-12-23 21:08:16.505 [main] INFO  o.a.c.core.ContainerBase.[Tomcat].[localhost].[/] - Initializing Spring embedded WebApplicationContext
2020-12-23 21:08:16.505 [main] INFO  o.s.b.w.s.c.ServletWebServerApplicationContext - Root WebApplicationContext: initialization completed in 2043 ms
2020-12-23 21:08:16.817 [main] INFO  c.a.s.b.f.a.ConfigurationBeanBindingPostProcessor - The configuration bean [<dubbo:application name="aftersale-service" qosEnable="false" hostname="NULL0X73-FX63VM" />] have been binding by the configuration properties [{name=aftersale-service, qos-enable=false}]
2020-12-23 21:08:16.829 [main] INFO  c.a.s.b.f.a.ConfigurationBeanBindingPostProcessor - The configuration bean [<dubbo:registry address="nacos://47.115.162.144:8847" port="8847" protocol="nacos" />] have been binding by the configuration properties [{address=nacos://47.115.162.144:8847}]
2020-12-23 21:08:16.835 [main] INFO  c.a.s.b.f.a.ConfigurationBeanBindingPostProcessor - The configuration bean [<dubbo:protocol name="dubbo" port="28091" />] have been binding by the configuration properties [{name=dubbo, port=28091}]
2020-12-23 21:08:16.845 [main] INFO  c.a.s.b.f.a.ConfigurationBeanBindingPostProcessor - The configuration bean [<dubbo:consumer />] have been binding by the configuration properties [{check=false}]
2020-12-23 21:08:16.851 [main] INFO  o.a.d.c.s.b.f.annotation.ReferenceBeanBuilder - The configBean[type:ReferenceBean] has been built.
2020-12-23 21:08:18.017 [main] INFO  o.a.d.c.s.b.f.annotation.ReferenceBeanBuilder - The configBean[type:ReferenceBean] has been built.
2020-12-23 21:08:18.535 [main] INFO  c.a.d.s.b.a.DruidDataSourceAutoConfigure - Init DruidDataSource
2020-12-23 21:08:18.787 [main] INFO  com.alibaba.druid.pool.DruidDataSource - {dataSource-1} inited
2020-12-23 21:08:19.264 [main] INFO  o.s.scheduling.concurrent.ThreadPoolTaskExecutor - Initializing ExecutorService 'applicationTaskExecutor'
2020-12-23 21:08:20.079 [main] INFO  org.apache.coyote.http11.Http11NioProtocol - Starting ProtocolHandler ["http-nio-8084"]
2020-12-23 21:08:20.105 [main] INFO  o.s.boot.web.embedded.tomcat.TomcatWebServer - Tomcat started on port(s): 8084 (http) with context path ''
2020-12-23 21:08:20.117 [main] INFO  cn.edu.xmu.other.AftersaleApplication - Started AftersaleApplication in 6.093 seconds (JVM running for 6.624)
2020-12-23 21:11:15.018 [main] INFO  o.a.d.s.b.c.event.WelcomeLogoApplicationListener - 

 :: Dubbo Spring Boot (v2.7.8) : https://github.com/apache/dubbo-spring-boot-project
 :: Dubbo (v2.7.8) : https://github.com/apache/dubbo
 :: Discuss group : dev@dubbo.apache.org

2020-12-23 21:11:15.028 [main] INFO  o.a.d.s.b.c.e.OverrideDubboConfigApplicationListener - Dubbo Config was overridden by externalized configuration {dubbo.application.name=aftersale-service, dubbo.application.qos-enable=false, dubbo.config.multiple=true, dubbo.consumer.check=false, dubbo.protocol.name=dubbo, dubbo.protocol.port=28091, dubbo.registry.address=nacos://47.115.162.144:8847, dubbo.scan.base-packages=cn.edu.xmu.goods.service}
2020-12-23 21:11:15.086 [background-preinit] INFO  org.hibernate.validator.internal.util.Version - HV000001: Hibernate Validator 6.1.5.Final
2020-12-23 21:11:15.140 [main] INFO  cn.edu.xmu.other.AftersaleApplication - Starting AftersaleApplication on NULL0X73-FX63VM with PID 17688 (C:\^CODE\privilege-master\aftersale\target\classes started by ADMIN in C:\^CODE\privilege-master\aftersale)
2020-12-23 21:11:15.141 [main] INFO  cn.edu.xmu.other.AftersaleApplication - No active profile set, falling back to default profiles: default
2020-12-23 21:11:15.831 [main] INFO  com.alibaba.spring.util.BeanRegistrar - The Infrastructure bean definition [Root bean: class [org.apache.dubbo.config.spring.beans.factory.annotation.ReferenceAnnotationBeanPostProcessor]; scope=; abstract=false; lazyInit=null; autowireMode=0; dependencyCheck=0; autowireCandidate=true; primary=false; factoryBeanName=null; factoryMethodName=null; initMethodName=null; destroyMethodName=nullwith name [referenceAnnotationBeanPostProcessor] has been registered.
2020-12-23 21:11:15.831 [main] INFO  com.alibaba.spring.util.BeanRegistrar - The Infrastructure bean definition [Root bean: class [org.apache.dubbo.config.spring.beans.factory.annotation.DubboConfigAliasPostProcessor]; scope=; abstract=false; lazyInit=null; autowireMode=0; dependencyCheck=0; autowireCandidate=true; primary=false; factoryBeanName=null; factoryMethodName=null; initMethodName=null; destroyMethodName=nullwith name [dubboConfigAliasPostProcessor] has been registered.
2020-12-23 21:11:15.842 [main] INFO  com.alibaba.spring.util.BeanRegistrar - The Infrastructure bean definition [Root bean: class [org.apache.dubbo.config.spring.context.DubboLifecycleComponentApplicationListener]; scope=; abstract=false; lazyInit=null; autowireMode=0; dependencyCheck=0; autowireCandidate=true; primary=false; factoryBeanName=null; factoryMethodName=null; initMethodName=null; destroyMethodName=nullwith name [dubboLifecycleComponentApplicationListener] has been registered.
2020-12-23 21:11:15.843 [main] INFO  com.alibaba.spring.util.BeanRegistrar - The Infrastructure bean definition [Root bean: class [org.apache.dubbo.config.spring.context.DubboBootstrapApplicationListener]; scope=; abstract=false; lazyInit=null; autowireMode=0; dependencyCheck=0; autowireCandidate=true; primary=false; factoryBeanName=null; factoryMethodName=null; initMethodName=null; destroyMethodName=nullwith name [dubboBootstrapApplicationListener] has been registered.
2020-12-23 21:11:15.843 [main] INFO  com.alibaba.spring.util.BeanRegistrar - The Infrastructure bean definition [Root bean: class [org.apache.dubbo.config.spring.beans.factory.config.DubboConfigDefaultPropertyValueBeanPostProcessor]; scope=; abstract=false; lazyInit=null; autowireMode=0; dependencyCheck=0; autowireCandidate=true; primary=false; factoryBeanName=null; factoryMethodName=null; initMethodName=null; destroyMethodName=nullwith name [dubboConfigDefaultPropertyValueBeanPostProcessor] has been registered.
2020-12-23 21:11:15.879 [main] INFO  o.s.d.r.config.RepositoryConfigurationDelegate - Multiple Spring Data modules found, entering strict repository configuration mode!
2020-12-23 21:11:15.881 [main] INFO  o.s.d.r.config.RepositoryConfigurationDelegate - Bootstrapping Spring Data Redis repositories in DEFAULT mode.
2020-12-23 21:11:15.907 [main] INFO  o.s.d.r.config.RepositoryConfigurationDelegate - Finished Spring Data repository scanning in 14ms. Found 0 Redis repository interfaces.
2020-12-23 21:11:15.996 [main] INFO  c.a.s.b.f.a.ConfigurationBeanBindingRegistrar - The configuration bean definition [name : org.apache.dubbo.config.ApplicationConfig#0, content : Root bean: class [org.apache.dubbo.config.ApplicationConfig]; scope=; abstract=false; lazyInit=null; autowireMode=0; dependencyCheck=0; autowireCandidate=true; primary=false; factoryBeanName=null; factoryMethodName=null; initMethodName=null; destroyMethodName=null] has been registered.
2020-12-23 21:11:15.997 [main] INFO  com.alibaba.spring.util.BeanRegistrar - The Infrastructure bean definition [Root bean: class [com.alibaba.spring.beans.factory.annotation.ConfigurationBeanBindingPostProcessor]; scope=; abstract=false; lazyInit=null; autowireMode=0; dependencyCheck=0; autowireCandidate=true; primary=false; factoryBeanName=null; factoryMethodName=null; initMethodName=null; destroyMethodName=nullwith name [configurationBeanBindingPostProcessor] has been registered.
2020-12-23 21:11:15.997 [main] INFO  c.a.s.b.f.a.ConfigurationBeanBindingRegistrar - The configuration bean definition [name : org.apache.dubbo.config.RegistryConfig#0, content : Root bean: class [org.apache.dubbo.config.RegistryConfig]; scope=; abstract=false; lazyInit=null; autowireMode=0; dependencyCheck=0; autowireCandidate=true; primary=false; factoryBeanName=null; factoryMethodName=null; initMethodName=null; destroyMethodName=null] has been registered.
2020-12-23 21:11:15.997 [main] INFO  c.a.s.b.f.a.ConfigurationBeanBindingRegistrar - The configuration bean definition [name : org.apache.dubbo.config.ProtocolConfig#0, content : Root bean: class [org.apache.dubbo.config.ProtocolConfig]; scope=; abstract=false; lazyInit=null; autowireMode=0; dependencyCheck=0; autowireCandidate=true; primary=false; factoryBeanName=null; factoryMethodName=null; initMethodName=null; destroyMethodName=null] has been registered.
2020-12-23 21:11:15.998 [main] INFO  c.a.s.b.f.a.ConfigurationBeanBindingRegistrar - The configuration bean definition [name : org.apache.dubbo.config.ConsumerConfig#0, content : Root bean: class [org.apache.dubbo.config.ConsumerConfig]; scope=; abstract=false; lazyInit=null; autowireMode=0; dependencyCheck=0; autowireCandidate=true; primary=false; factoryBeanName=null; factoryMethodName=null; initMethodName=null; destroyMethodName=null] has been registered.
2020-12-23 21:11:16.109 [main] INFO  com.alibaba.spring.util.BeanRegistrar - The Infrastructure bean definition [Root bean: class [org.apache.dubbo.config.spring.context.DubboBootstrapApplicationListener]; scope=; abstract=false; lazyInit=null; autowireMode=0; dependencyCheck=0; autowireCandidate=true; primary=false; factoryBeanName=null; factoryMethodName=null; initMethodName=null; destroyMethodName=nullwith name [dubboBootstrapApplicationListener] has been registered.
2020-12-23 21:11:16.361 [main] INFO  o.s.c.annotation.ConfigurationClassPostProcessor - Cannot enhance @Configuration bean definition 'org.apache.dubbo.spring.boot.autoconfigure.DubboRelaxedBinding2AutoConfiguration' since its singleton instance has been created too early. The typical cause is a non-static @Bean method with a BeanDefinitionRegistryPostProcessor return type: Consider declaring such methods as 'static'.
2020-12-23 21:11:16.361 [main] INFO  o.s.c.annotation.ConfigurationClassPostProcessor - Cannot enhance @Configuration bean definition 'org.apache.dubbo.spring.boot.autoconfigure.DubboAutoConfiguration' since its singleton instance has been created too early. The typical cause is a non-static @Bean method with a BeanDefinitionRegistryPostProcessor return type: Consider declaring such methods as 'static'.
2020-12-23 21:11:17.243 [main] INFO  o.s.boot.web.embedded.tomcat.TomcatWebServer - Tomcat initialized with port(s): 8084 (http)
2020-12-23 21:11:17.254 [main] INFO  org.apache.coyote.http11.Http11NioProtocol - Initializing ProtocolHandler ["http-nio-8084"]
2020-12-23 21:11:17.255 [main] INFO  org.apache.catalina.core.StandardService - Starting service [Tomcat]
2020-12-23 21:11:17.256 [main] INFO  org.apache.catalina.core.StandardEngine - Starting Servlet engine: [Apache Tomcat/9.0.37]
2020-12-23 21:11:17.386 [main] INFO  o.a.c.core.ContainerBase.[Tomcat].[localhost].[/] - Initializing Spring embedded WebApplicationContext
2020-12-23 21:11:17.386 [main] INFO  o.s.b.w.s.c.ServletWebServerApplicationContext - Root WebApplicationContext: initialization completed in 2207 ms
2020-12-23 21:11:17.707 [main] INFO  c.a.s.b.f.a.ConfigurationBeanBindingPostProcessor - The configuration bean [<dubbo:application name="aftersale-service" qosEnable="false" hostname="NULL0X73-FX63VM" />] have been binding by the configuration properties [{name=aftersale-service, qos-enable=false}]
2020-12-23 21:11:17.720 [main] INFO  c.a.s.b.f.a.ConfigurationBeanBindingPostProcessor - The configuration bean [<dubbo:registry address="nacos://47.115.162.144:8847" port="8847" protocol="nacos" />] have been binding by the configuration properties [{address=nacos://47.115.162.144:8847}]
2020-12-23 21:11:17.727 [main] INFO  c.a.s.b.f.a.ConfigurationBeanBindingPostProcessor - The configuration bean [<dubbo:protocol name="dubbo" port="28091" />] have been binding by the configuration properties [{name=dubbo, port=28091}]
2020-12-23 21:11:17.739 [main] INFO  c.a.s.b.f.a.ConfigurationBeanBindingPostProcessor - The configuration bean [<dubbo:consumer />] have been binding by the configuration properties [{check=false}]
2020-12-23 21:11:17.744 [main] INFO  o.a.d.c.s.b.f.annotation.ReferenceBeanBuilder - The configBean[type:ReferenceBean] has been built.
2020-12-23 21:11:18.989 [main] INFO  o.a.d.c.s.b.f.annotation.ReferenceBeanBuilder - The configBean[type:ReferenceBean] has been built.
2020-12-23 21:11:19.597 [main] INFO  c.a.d.s.b.a.DruidDataSourceAutoConfigure - Init DruidDataSource
2020-12-23 21:11:19.928 [main] INFO  com.alibaba.druid.pool.DruidDataSource - {dataSource-1} inited
2020-12-23 21:11:20.460 [main] INFO  o.s.scheduling.concurrent.ThreadPoolTaskExecutor - Initializing ExecutorService 'applicationTaskExecutor'
2020-12-23 21:11:21.307 [main] INFO  org.apache.coyote.http11.Http11NioProtocol - Starting ProtocolHandler ["http-nio-8084"]
2020-12-23 21:11:21.334 [main] INFO  o.s.boot.web.embedded.tomcat.TomcatWebServer - Tomcat started on port(s): 8084 (http) with context path ''
2020-12-23 21:11:21.346 [main] INFO  cn.edu.xmu.other.AftersaleApplication - Started AftersaleApplication in 6.641 seconds (JVM running for 7.194)
2020-12-23 21:58:53.863 [http-nio-8084-exec-1] INFO  o.a.c.core.ContainerBase.[Tomcat].[localhost].[/] - Initializing Spring DispatcherServlet 'dispatcherServlet'
2020-12-23 21:58:53.864 [http-nio-8084-exec-1] INFO  org.springframework.web.servlet.DispatcherServlet - Initializing Servlet 'dispatcherServlet'
2020-12-23 21:58:53.894 [http-nio-8084-exec-1] INFO  org.springframework.web.servlet.DispatcherServlet - Completed initialization in 30 ms
2020-12-23 21:58:53.977 [http-nio-8084-exec-1] ERROR cn.edu.xmu.ooad.annotation.AuditAspect - the api path is null
2020-12-23 21:59:09.821 [http-nio-8084-exec-2] ERROR cn.edu.xmu.ooad.annotation.AuditAspect - the api path is null
2020-12-23 22:00:36.480 [http-nio-8084-exec-4] ERROR cn.edu.xmu.ooad.annotation.AuditAspect - the api path is null
2020-12-23 22:00:37.086 [http-nio-8084-exec-5] ERROR cn.edu.xmu.ooad.annotation.AuditAspect - the api path is null
2020-12-23 22:00:38.211 [http-nio-8084-exec-6] ERROR cn.edu.xmu.ooad.annotation.AuditAspect - the api path is null
2020-12-23 22:00:38.489 [http-nio-8084-exec-7] ERROR cn.edu.xmu.ooad.annotation.AuditAspect - the api path is null
2020-12-23 22:00:38.851 [http-nio-8084-exec-8] ERROR cn.edu.xmu.ooad.annotation.AuditAspect - the api path is null
2020-12-23 22:00:39.189 [http-nio-8084-exec-9] ERROR cn.edu.xmu.ooad.annotation.AuditAspect - the api path is null
2020-12-23 22:00:40.206 [http-nio-8084-exec-10] ERROR cn.edu.xmu.ooad.annotation.AuditAspect - the api path is null
2020-12-23 22:00:40.524 [http-nio-8084-exec-1] ERROR cn.edu.xmu.ooad.annotation.AuditAspect - the api path is null
2020-12-23 22:00:41.664 [http-nio-8084-exec-2] ERROR cn.edu.xmu.ooad.annotation.AuditAspect - the api path is null
2020-12-23 22:00:42.032 [http-nio-8084-exec-3] ERROR cn.edu.xmu.ooad.annotation.AuditAspect - the api path is null
2020-12-23 22:00:42.407 [http-nio-8084-exec-4] ERROR cn.edu.xmu.ooad.annotation.AuditAspect - the api path is null
2020-12-23 22:00:42.746 [http-nio-8084-exec-5] ERROR cn.edu.xmu.ooad.annotation.AuditAspect - the api path is null
2020-12-23 22:14:17.033 [main] INFO  o.a.d.s.b.c.event.WelcomeLogoApplicationListener - 

 :: Dubbo Spring Boot (v2.7.8) : https://github.com/apache/dubbo-spring-boot-project
 :: Dubbo (v2.7.8) : https://github.com/apache/dubbo
 :: Discuss group : dev@dubbo.apache.org

2020-12-23 22:14:17.039 [main] INFO  o.a.d.s.b.c.e.OverrideDubboConfigApplicationListener - Dubbo Config was overridden by externalized configuration {dubbo.application.name=aftersale-service, dubbo.application.qos-enable=false, dubbo.config.multiple=true, dubbo.consumer.check=false, dubbo.protocol.name=dubbo, dubbo.protocol.port=28091, dubbo.registry.address=nacos://47.115.162.144:8847, dubbo.scan.base-packages=cn.edu.xmu.goods.service}
2020-12-23 22:14:17.097 [background-preinit] INFO  org.hibernate.validator.internal.util.Version - HV000001: Hibernate Validator 6.1.5.Final
2020-12-23 22:14:17.143 [main] INFO  cn.edu.xmu.other.AftersaleApplication - Starting AftersaleApplication on NULL0X73-FX63VM with PID 18856 (C:\^CODE\privilege-master\aftersale\target\classes started by ADMIN in C:\^CODE\privilege-master\aftersale)
2020-12-23 22:14:17.144 [main] INFO  cn.edu.xmu.other.AftersaleApplication - No active profile set, falling back to default profiles: default
2020-12-23 22:14:17.799 [main] INFO  com.alibaba.spring.util.BeanRegistrar - The Infrastructure bean definition [Root bean: class [org.apache.dubbo.config.spring.beans.factory.annotation.ReferenceAnnotationBeanPostProcessor]; scope=; abstract=false; lazyInit=null; autowireMode=0; dependencyCheck=0; autowireCandidate=true; primary=false; factoryBeanName=null; factoryMethodName=null; initMethodName=null; destroyMethodName=nullwith name [referenceAnnotationBeanPostProcessor] has been registered.
2020-12-23 22:14:17.799 [main] INFO  com.alibaba.spring.util.BeanRegistrar - The Infrastructure bean definition [Root bean: class [org.apache.dubbo.config.spring.beans.factory.annotation.DubboConfigAliasPostProcessor]; scope=; abstract=false; lazyInit=null; autowireMode=0; dependencyCheck=0; autowireCandidate=true; primary=false; factoryBeanName=null; factoryMethodName=null; initMethodName=null; destroyMethodName=nullwith name [dubboConfigAliasPostProcessor] has been registered.
2020-12-23 22:14:17.809 [main] INFO  com.alibaba.spring.util.BeanRegistrar - The Infrastructure bean definition [Root bean: class [org.apache.dubbo.config.spring.context.DubboLifecycleComponentApplicationListener]; scope=; abstract=false; lazyInit=null; autowireMode=0; dependencyCheck=0; autowireCandidate=true; primary=false; factoryBeanName=null; factoryMethodName=null; initMethodName=null; destroyMethodName=nullwith name [dubboLifecycleComponentApplicationListener] has been registered.
2020-12-23 22:14:17.810 [main] INFO  com.alibaba.spring.util.BeanRegistrar - The Infrastructure bean definition [Root bean: class [org.apache.dubbo.config.spring.context.DubboBootstrapApplicationListener]; scope=; abstract=false; lazyInit=null; autowireMode=0; dependencyCheck=0; autowireCandidate=true; primary=false; factoryBeanName=null; factoryMethodName=null; initMethodName=null; destroyMethodName=nullwith name [dubboBootstrapApplicationListener] has been registered.
2020-12-23 22:14:17.811 [main] INFO  com.alibaba.spring.util.BeanRegistrar - The Infrastructure bean definition [Root bean: class [org.apache.dubbo.config.spring.beans.factory.config.DubboConfigDefaultPropertyValueBeanPostProcessor]; scope=; abstract=false; lazyInit=null; autowireMode=0; dependencyCheck=0; autowireCandidate=true; primary=false; factoryBeanName=null; factoryMethodName=null; initMethodName=null; destroyMethodName=nullwith name [dubboConfigDefaultPropertyValueBeanPostProcessor] has been registered.
2020-12-23 22:14:17.843 [main] INFO  o.s.d.r.config.RepositoryConfigurationDelegate - Multiple Spring Data modules found, entering strict repository configuration mode!
2020-12-23 22:14:17.845 [main] INFO  o.s.d.r.config.RepositoryConfigurationDelegate - Bootstrapping Spring Data Redis repositories in DEFAULT mode.
2020-12-23 22:14:17.874 [main] INFO  o.s.d.r.config.RepositoryConfigurationDelegate - Finished Spring Data repository scanning in 16ms. Found 0 Redis repository interfaces.
2020-12-23 22:14:17.963 [main] INFO  c.a.s.b.f.a.ConfigurationBeanBindingRegistrar - The configuration bean definition [name : org.apache.dubbo.config.ApplicationConfig#0, content : Root bean: class [org.apache.dubbo.config.ApplicationConfig]; scope=; abstract=false; lazyInit=null; autowireMode=0; dependencyCheck=0; autowireCandidate=true; primary=false; factoryBeanName=null; factoryMethodName=null; initMethodName=null; destroyMethodName=null] has been registered.
2020-12-23 22:14:17.963 [main] INFO  com.alibaba.spring.util.BeanRegistrar - The Infrastructure bean definition [Root bean: class [com.alibaba.spring.beans.factory.annotation.ConfigurationBeanBindingPostProcessor]; scope=; abstract=false; lazyInit=null; autowireMode=0; dependencyCheck=0; autowireCandidate=true; primary=false; factoryBeanName=null; factoryMethodName=null; initMethodName=null; destroyMethodName=nullwith name [configurationBeanBindingPostProcessor] has been registered.
2020-12-23 22:14:17.963 [main] INFO  c.a.s.b.f.a.ConfigurationBeanBindingRegistrar - The configuration bean definition [name : org.apache.dubbo.config.RegistryConfig#0, content : Root bean: class [org.apache.dubbo.config.RegistryConfig]; scope=; abstract=false; lazyInit=null; autowireMode=0; dependencyCheck=0; autowireCandidate=true; primary=false; factoryBeanName=null; factoryMethodName=null; initMethodName=null; destroyMethodName=null] has been registered.
2020-12-23 22:14:17.964 [main] INFO  c.a.s.b.f.a.ConfigurationBeanBindingRegistrar - The configuration bean definition [name : org.apache.dubbo.config.ProtocolConfig#0, content : Root bean: class [org.apache.dubbo.config.ProtocolConfig]; scope=; abstract=false; lazyInit=null; autowireMode=0; dependencyCheck=0; autowireCandidate=true; primary=false; factoryBeanName=null; factoryMethodName=null; initMethodName=null; destroyMethodName=null] has been registered.
2020-12-23 22:14:17.964 [main] INFO  c.a.s.b.f.a.ConfigurationBeanBindingRegistrar - The configuration bean definition [name : org.apache.dubbo.config.ConsumerConfig#0, content : Root bean: class [org.apache.dubbo.config.ConsumerConfig]; scope=; abstract=false; lazyInit=null; autowireMode=0; dependencyCheck=0; autowireCandidate=true; primary=false; factoryBeanName=null; factoryMethodName=null; initMethodName=null; destroyMethodName=null] has been registered.
2020-12-23 22:14:18.071 [main] INFO  com.alibaba.spring.util.BeanRegistrar - The Infrastructure bean definition [Root bean: class [org.apache.dubbo.config.spring.context.DubboBootstrapApplicationListener]; scope=; abstract=false; lazyInit=null; autowireMode=0; dependencyCheck=0; autowireCandidate=true; primary=false; factoryBeanName=null; factoryMethodName=null; initMethodName=null; destroyMethodName=nullwith name [dubboBootstrapApplicationListener] has been registered.
2020-12-23 22:14:18.330 [main] INFO  o.s.c.annotation.ConfigurationClassPostProcessor - Cannot enhance @Configuration bean definition 'org.apache.dubbo.spring.boot.autoconfigure.DubboRelaxedBinding2AutoConfiguration' since its singleton instance has been created too early. The typical cause is a non-static @Bean method with a BeanDefinitionRegistryPostProcessor return type: Consider declaring such methods as 'static'.
2020-12-23 22:14:18.330 [main] INFO  o.s.c.annotation.ConfigurationClassPostProcessor - Cannot enhance @Configuration bean definition 'org.apache.dubbo.spring.boot.autoconfigure.DubboAutoConfiguration' since its singleton instance has been created too early. The typical cause is a non-static @Bean method with a BeanDefinitionRegistryPostProcessor return type: Consider declaring such methods as 'static'.
2020-12-23 22:14:19.094 [main] INFO  o.s.boot.web.embedded.tomcat.TomcatWebServer - Tomcat initialized with port(s): 8084 (http)
2020-12-23 22:14:19.112 [main] INFO  org.apache.coyote.http11.Http11NioProtocol - Initializing ProtocolHandler ["http-nio-8084"]
2020-12-23 22:14:19.113 [main] INFO  org.apache.catalina.core.StandardService - Starting service [Tomcat]
2020-12-23 22:14:19.113 [main] INFO  org.apache.catalina.core.StandardEngine - Starting Servlet engine: [Apache Tomcat/9.0.37]
2020-12-23 22:14:19.242 [main] INFO  o.a.c.core.ContainerBase.[Tomcat].[localhost].[/] - Initializing Spring embedded WebApplicationContext
2020-12-23 22:14:19.242 [main] INFO  o.s.b.w.s.c.ServletWebServerApplicationContext - Root WebApplicationContext: initialization completed in 2062 ms
2020-12-23 22:14:19.547 [main] INFO  c.a.s.b.f.a.ConfigurationBeanBindingPostProcessor - The configuration bean [<dubbo:application name="aftersale-service" qosEnable="false" hostname="NULL0X73-FX63VM" />] have been binding by the configuration properties [{name=aftersale-service, qos-enable=false}]
2020-12-23 22:14:19.559 [main] INFO  c.a.s.b.f.a.ConfigurationBeanBindingPostProcessor - The configuration bean [<dubbo:registry address="nacos://47.115.162.144:8847" port="8847" protocol="nacos" />] have been binding by the configuration properties [{address=nacos://47.115.162.144:8847}]
2020-12-23 22:14:19.566 [main] INFO  c.a.s.b.f.a.ConfigurationBeanBindingPostProcessor - The configuration bean [<dubbo:protocol name="dubbo" port="28091" />] have been binding by the configuration properties [{name=dubbo, port=28091}]
2020-12-23 22:14:19.576 [main] INFO  c.a.s.b.f.a.ConfigurationBeanBindingPostProcessor - The configuration bean [<dubbo:consumer />] have been binding by the configuration properties [{check=false}]
2020-12-23 22:14:19.582 [main] INFO  o.a.d.c.s.b.f.annotation.ReferenceBeanBuilder - The configBean[type:ReferenceBean] has been built.
2020-12-23 22:14:20.131 [main] INFO  o.a.d.c.s.b.f.annotation.ReferenceBeanBuilder - The configBean[type:ReferenceBean] has been built.
2020-12-23 22:14:20.297 [main] INFO  c.a.d.s.b.a.DruidDataSourceAutoConfigure - Init DruidDataSource
2020-12-23 22:14:20.564 [main] INFO  com.alibaba.druid.pool.DruidDataSource - {dataSource-1} inited
2020-12-23 22:14:21.027 [main] INFO  o.s.scheduling.concurrent.ThreadPoolTaskExecutor - Initializing ExecutorService 'applicationTaskExecutor'
2020-12-23 22:14:21.888 [main] INFO  org.apache.coyote.http11.Http11NioProtocol - Starting ProtocolHandler ["http-nio-8084"]
2020-12-23 22:14:21.915 [main] INFO  o.s.boot.web.embedded.tomcat.TomcatWebServer - Tomcat started on port(s): 8084 (http) with context path ''
2020-12-23 22:14:21.928 [main] INFO  cn.edu.xmu.other.AftersaleApplication - Started AftersaleApplication in 5.185 seconds (JVM running for 5.714)
2020-12-23 22:21:57.887 [http-nio-8084-exec-1] INFO  o.a.c.core.ContainerBase.[Tomcat].[localhost].[/] - Initializing Spring DispatcherServlet 'dispatcherServlet'
2020-12-23 22:21:57.888 [http-nio-8084-exec-1] INFO  org.springframework.web.servlet.DispatcherServlet - Initializing Servlet 'dispatcherServlet'
2020-12-23 22:21:57.911 [http-nio-8084-exec-1] INFO  org.springframework.web.servlet.DispatcherServlet - Completed initialization in 23 ms
2020-12-23 22:21:57.941 [http-nio-8084-exec-1] ERROR cn.edu.xmu.ooad.annotation.AuditAspect - the api path is null
2020-12-23 22:23:26.632 [http-nio-8084-exec-3] ERROR cn.edu.xmu.ooad.annotation.AuditAspect - the api path is null
2020-12-23 22:23:27.096 [http-nio-8084-exec-4] ERROR cn.edu.xmu.ooad.annotation.AuditAspect - the api path is null
2020-12-23 22:23:28.327 [http-nio-8084-exec-5] ERROR cn.edu.xmu.ooad.annotation.AuditAspect - the api path is null
2020-12-23 22:23:28.675 [http-nio-8084-exec-6] ERROR cn.edu.xmu.ooad.annotation.AuditAspect - the api path is null
2020-12-23 22:23:29.057 [http-nio-8084-exec-7] ERROR cn.edu.xmu.ooad.annotation.AuditAspect - the api path is null
2020-12-23 22:23:29.385 [http-nio-8084-exec-8] ERROR cn.edu.xmu.ooad.annotation.AuditAspect - the api path is null
2020-12-23 22:23:30.577 [http-nio-8084-exec-9] ERROR cn.edu.xmu.ooad.annotation.AuditAspect - the api path is null
2020-12-23 22:23:30.892 [http-nio-8084-exec-10] ERROR cn.edu.xmu.ooad.annotation.AuditAspect - the api path is null
2020-12-23 22:23:32.023 [http-nio-8084-exec-1] ERROR cn.edu.xmu.ooad.annotation.AuditAspect - the api path is null
2020-12-23 22:23:32.345 [http-nio-8084-exec-2] ERROR cn.edu.xmu.ooad.annotation.AuditAspect - the api path is null
2020-12-23 22:23:32.654 [http-nio-8084-exec-3] ERROR cn.edu.xmu.ooad.annotation.AuditAspect - the api path is null
2020-12-23 22:23:32.983 [http-nio-8084-exec-4] ERROR cn.edu.xmu.ooad.annotation.AuditAspect - the api path is null
2020-12-23 22:23:46.223 [http-nio-8084-exec-5] ERROR cn.edu.xmu.ooad.annotation.AuditAspect - the api path is null
2020-12-23 22:23:46.549 [http-nio-8084-exec-6] ERROR cn.edu.xmu.ooad.annotation.AuditAspect - the api path is null
2020-12-23 22:23:47.714 [http-nio-8084-exec-7] ERROR cn.edu.xmu.ooad.annotation.AuditAspect - the api path is null
2020-12-23 22:23:48.073 [http-nio-8084-exec-8] ERROR cn.edu.xmu.ooad.annotation.AuditAspect - the api path is null
2020-12-23 22:23:48.404 [http-nio-8084-exec-9] ERROR cn.edu.xmu.ooad.annotation.AuditAspect - the api path is null
2020-12-23 22:23:48.702 [http-nio-8084-exec-10] ERROR cn.edu.xmu.ooad.annotation.AuditAspect - the api path is null
2020-12-23 22:23:49.937 [http-nio-8084-exec-1] ERROR cn.edu.xmu.ooad.annotation.AuditAspect - the api path is null
2020-12-23 22:23:50.223 [http-nio-8084-exec-2] ERROR cn.edu.xmu.ooad.annotation.AuditAspect - the api path is null
2020-12-23 22:23:50.573 [http-nio-8084-exec-3] ERROR cn.edu.xmu.ooad.annotation.AuditAspect - the api path is null
