2020-12-24 00:40:26.268 [main] INFO  o.a.d.s.b.c.event.WelcomeLogoApplicationListener - 

 :: Dubbo Spring Boot (v2.7.8) : https://github.com/apache/dubbo-spring-boot-project
 :: Dubbo (v2.7.8) : https://github.com/apache/dubbo
 :: Discuss group : dev@dubbo.apache.org

2020-12-24 00:40:26.276 [main] INFO  o.a.d.s.b.c.e.OverrideDubboConfigApplicationListener - Dubbo Config was overridden by externalized configuration {dubbo.application.name=aftersale-service, dubbo.application.qos-enable=false, dubbo.config.multiple=true, dubbo.consumer.check=false, dubbo.protocol.name=dubbo, dubbo.protocol.port=28091, dubbo.registry.address=nacos://47.115.162.144:8847, dubbo.scan.base-packages=cn.edu.xmu.goods.service}
2020-12-24 00:40:26.337 [background-preinit] INFO  org.hibernate.validator.internal.util.Version - HV000001: Hibernate Validator 6.1.5.Final
2020-12-24 00:40:26.402 [main] INFO  cn.edu.xmu.other.AftersaleApplication - Starting AftersaleApplication on NULL0X73-FX63VM with PID 14796 (C:\Users\ADMIN\Desktop\gateway\privilege-master\aftersale\target\classes started by ADMIN in C:\Users\ADMIN\Desktop\gateway\privilege-master\aftersale)
2020-12-24 00:40:26.404 [main] INFO  cn.edu.xmu.other.AftersaleApplication - No active profile set, falling back to default profiles: default
2020-12-24 00:40:27.617 [main] INFO  com.alibaba.spring.util.BeanRegistrar - The Infrastructure bean definition [Root bean: class [org.apache.dubbo.config.spring.beans.factory.annotation.ReferenceAnnotationBeanPostProcessor]; scope=; abstract=false; lazyInit=null; autowireMode=0; dependencyCheck=0; autowireCandidate=true; primary=false; factoryBeanName=null; factoryMethodName=null; initMethodName=null; destroyMethodName=nullwith name [referenceAnnotationBeanPostProcessor] has been registered.
2020-12-24 00:40:27.618 [main] INFO  com.alibaba.spring.util.BeanRegistrar - The Infrastructure bean definition [Root bean: class [org.apache.dubbo.config.spring.beans.factory.annotation.DubboConfigAliasPostProcessor]; scope=; abstract=false; lazyInit=null; autowireMode=0; dependencyCheck=0; autowireCandidate=true; primary=false; factoryBeanName=null; factoryMethodName=null; initMethodName=null; destroyMethodName=nullwith name [dubboConfigAliasPostProcessor] has been registered.
2020-12-24 00:40:27.619 [main] INFO  com.alibaba.spring.util.BeanRegistrar - The Infrastructure bean definition [Root bean: class [org.apache.dubbo.config.spring.context.DubboLifecycleComponentApplicationListener]; scope=; abstract=false; lazyInit=null; autowireMode=0; dependencyCheck=0; autowireCandidate=true; primary=false; factoryBeanName=null; factoryMethodName=null; initMethodName=null; destroyMethodName=nullwith name [dubboLifecycleComponentApplicationListener] has been registered.
2020-12-24 00:40:27.619 [main] INFO  com.alibaba.spring.util.BeanRegistrar - The Infrastructure bean definition [Root bean: class [org.apache.dubbo.config.spring.context.DubboBootstrapApplicationListener]; scope=; abstract=false; lazyInit=null; autowireMode=0; dependencyCheck=0; autowireCandidate=true; primary=false; factoryBeanName=null; factoryMethodName=null; initMethodName=null; destroyMethodName=nullwith name [dubboBootstrapApplicationListener] has been registered.
2020-12-24 00:40:27.621 [main] INFO  com.alibaba.spring.util.BeanRegistrar - The Infrastructure bean definition [Root bean: class [org.apache.dubbo.config.spring.beans.factory.config.DubboConfigDefaultPropertyValueBeanPostProcessor]; scope=; abstract=false; lazyInit=null; autowireMode=0; dependencyCheck=0; autowireCandidate=true; primary=false; factoryBeanName=null; factoryMethodName=null; initMethodName=null; destroyMethodName=nullwith name [dubboConfigDefaultPropertyValueBeanPostProcessor] has been registered.
2020-12-24 00:40:27.664 [main] INFO  o.s.d.r.config.RepositoryConfigurationDelegate - Multiple Spring Data modules found, entering strict repository configuration mode!
2020-12-24 00:40:27.666 [main] INFO  o.s.d.r.config.RepositoryConfigurationDelegate - Bootstrapping Spring Data Redis repositories in DEFAULT mode.
2020-12-24 00:40:27.698 [main] INFO  o.s.d.r.config.RepositoryConfigurationDelegate - Finished Spring Data repository scanning in 16ms. Found 0 Redis repository interfaces.
2020-12-24 00:40:27.798 [main] INFO  c.a.s.b.f.a.ConfigurationBeanBindingRegistrar - The configuration bean definition [name : org.apache.dubbo.config.ApplicationConfig#0, content : Root bean: class [org.apache.dubbo.config.ApplicationConfig]; scope=; abstract=false; lazyInit=null; autowireMode=0; dependencyCheck=0; autowireCandidate=true; primary=false; factoryBeanName=null; factoryMethodName=null; initMethodName=null; destroyMethodName=null] has been registered.
2020-12-24 00:40:27.798 [main] INFO  com.alibaba.spring.util.BeanRegistrar - The Infrastructure bean definition [Root bean: class [com.alibaba.spring.beans.factory.annotation.ConfigurationBeanBindingPostProcessor]; scope=; abstract=false; lazyInit=null; autowireMode=0; dependencyCheck=0; autowireCandidate=true; primary=false; factoryBeanName=null; factoryMethodName=null; initMethodName=null; destroyMethodName=nullwith name [configurationBeanBindingPostProcessor] has been registered.
2020-12-24 00:40:27.798 [main] INFO  c.a.s.b.f.a.ConfigurationBeanBindingRegistrar - The configuration bean definition [name : org.apache.dubbo.config.RegistryConfig#0, content : Root bean: class [org.apache.dubbo.config.RegistryConfig]; scope=; abstract=false; lazyInit=null; autowireMode=0; dependencyCheck=0; autowireCandidate=true; primary=false; factoryBeanName=null; factoryMethodName=null; initMethodName=null; destroyMethodName=null] has been registered.
2020-12-24 00:40:27.799 [main] INFO  c.a.s.b.f.a.ConfigurationBeanBindingRegistrar - The configuration bean definition [name : org.apache.dubbo.config.ProtocolConfig#0, content : Root bean: class [org.apache.dubbo.config.ProtocolConfig]; scope=; abstract=false; lazyInit=null; autowireMode=0; dependencyCheck=0; autowireCandidate=true; primary=false; factoryBeanName=null; factoryMethodName=null; initMethodName=null; destroyMethodName=null] has been registered.
2020-12-24 00:40:27.800 [main] INFO  c.a.s.b.f.a.ConfigurationBeanBindingRegistrar - The configuration bean definition [name : org.apache.dubbo.config.ConsumerConfig#0, content : Root bean: class [org.apache.dubbo.config.ConsumerConfig]; scope=; abstract=false; lazyInit=null; autowireMode=0; dependencyCheck=0; autowireCandidate=true; primary=false; factoryBeanName=null; factoryMethodName=null; initMethodName=null; destroyMethodName=null] has been registered.
2020-12-24 00:40:27.995 [main] INFO  com.alibaba.spring.util.BeanRegistrar - The Infrastructure bean definition [Root bean: class [org.apache.dubbo.config.spring.context.DubboBootstrapApplicationListener]; scope=; abstract=false; lazyInit=null; autowireMode=0; dependencyCheck=0; autowireCandidate=true; primary=false; factoryBeanName=null; factoryMethodName=null; initMethodName=null; destroyMethodName=nullwith name [dubboBootstrapApplicationListener] has been registered.
2020-12-24 00:40:28.584 [main] INFO  o.s.c.annotation.ConfigurationClassPostProcessor - Cannot enhance @Configuration bean definition 'org.apache.dubbo.spring.boot.autoconfigure.DubboRelaxedBinding2AutoConfiguration' since its singleton instance has been created too early. The typical cause is a non-static @Bean method with a BeanDefinitionRegistryPostProcessor return type: Consider declaring such methods as 'static'.
2020-12-24 00:40:28.584 [main] INFO  o.s.c.annotation.ConfigurationClassPostProcessor - Cannot enhance @Configuration bean definition 'org.apache.dubbo.spring.boot.autoconfigure.DubboAutoConfiguration' since its singleton instance has been created too early. The typical cause is a non-static @Bean method with a BeanDefinitionRegistryPostProcessor return type: Consider declaring such methods as 'static'.
2020-12-24 00:40:30.247 [main] INFO  o.s.boot.web.embedded.tomcat.TomcatWebServer - Tomcat initialized with port(s): 8084 (http)
2020-12-24 00:40:30.270 [main] INFO  org.apache.coyote.http11.Http11NioProtocol - Initializing ProtocolHandler ["http-nio-8084"]
2020-12-24 00:40:30.270 [main] INFO  org.apache.catalina.core.StandardService - Starting service [Tomcat]
2020-12-24 00:40:30.271 [main] INFO  org.apache.catalina.core.StandardEngine - Starting Servlet engine: [Apache Tomcat/9.0.37]
2020-12-24 00:40:30.474 [main] INFO  o.a.c.core.ContainerBase.[Tomcat].[localhost].[/] - Initializing Spring embedded WebApplicationContext
2020-12-24 00:40:30.474 [main] INFO  o.s.b.w.s.c.ServletWebServerApplicationContext - Root WebApplicationContext: initialization completed in 4017 ms
2020-12-24 00:40:30.946 [main] INFO  c.a.s.b.f.a.ConfigurationBeanBindingPostProcessor - The configuration bean [<dubbo:application name="aftersale-service" qosEnable="false" hostname="NULL0X73-FX63VM" />] have been binding by the configuration properties [{name=aftersale-service, qos-enable=false}]
2020-12-24 00:40:30.966 [main] INFO  c.a.s.b.f.a.ConfigurationBeanBindingPostProcessor - The configuration bean [<dubbo:registry address="nacos://47.115.162.144:8847" port="8847" protocol="nacos" />] have been binding by the configuration properties [{address=nacos://47.115.162.144:8847}]
2020-12-24 00:40:30.975 [main] INFO  c.a.s.b.f.a.ConfigurationBeanBindingPostProcessor - The configuration bean [<dubbo:protocol name="dubbo" port="28091" />] have been binding by the configuration properties [{name=dubbo, port=28091}]
2020-12-24 00:40:30.994 [main] INFO  c.a.s.b.f.a.ConfigurationBeanBindingPostProcessor - The configuration bean [<dubbo:consumer />] have been binding by the configuration properties [{check=false}]
2020-12-24 00:40:31.003 [main] INFO  o.a.d.c.s.b.f.annotation.ReferenceBeanBuilder - The configBean[type:ReferenceBean] has been built.
2020-12-24 00:40:32.770 [main] INFO  o.a.d.c.s.b.f.annotation.ReferenceBeanBuilder - The configBean[type:ReferenceBean] has been built.
2020-12-24 00:40:33.509 [main] INFO  c.a.d.s.b.a.DruidDataSourceAutoConfigure - Init DruidDataSource
2020-12-24 00:40:33.842 [main] INFO  com.alibaba.druid.pool.DruidDataSource - {dataSource-1} inited
2020-12-24 00:40:34.510 [main] INFO  o.s.scheduling.concurrent.ThreadPoolTaskExecutor - Initializing ExecutorService 'applicationTaskExecutor'
2020-12-24 00:40:35.701 [main] INFO  org.apache.coyote.http11.Http11NioProtocol - Starting ProtocolHandler ["http-nio-8084"]
2020-12-24 00:40:35.735 [main] INFO  o.s.boot.web.embedded.tomcat.TomcatWebServer - Tomcat started on port(s): 8084 (http) with context path ''
2020-12-24 00:40:35.753 [main] INFO  cn.edu.xmu.other.AftersaleApplication - Started AftersaleApplication in 9.823 seconds (JVM running for 10.357)
2020-12-24 00:56:56.392 [main] INFO  o.a.d.s.b.c.event.WelcomeLogoApplicationListener - 

 :: Dubbo Spring Boot (v2.7.8) : https://github.com/apache/dubbo-spring-boot-project
 :: Dubbo (v2.7.8) : https://github.com/apache/dubbo
 :: Discuss group : dev@dubbo.apache.org

2020-12-24 00:56:56.402 [main] INFO  o.a.d.s.b.c.e.OverrideDubboConfigApplicationListener - Dubbo Config was overridden by externalized configuration {dubbo.application.name=aftersale-service, dubbo.application.qos-enable=false, dubbo.config.multiple=true, dubbo.consumer.check=false, dubbo.protocol.name=dubbo, dubbo.protocol.port=28091, dubbo.registry.address=nacos://47.115.162.144:8847, dubbo.scan.base-packages=cn.edu.xmu.goods.service}
2020-12-24 00:56:56.475 [background-preinit] INFO  org.hibernate.validator.internal.util.Version - HV000001: Hibernate Validator 6.1.5.Final
2020-12-24 00:56:56.601 [main] INFO  cn.edu.xmu.other.AftersaleApplication - Starting AftersaleApplication on NULL0X73-FX63VM with PID 13732 (C:\Users\ADMIN\Desktop\gateway\oomall\aftersale\target\classes started by ADMIN in C:\Users\ADMIN\Desktop\gateway\oomall\aftersale)
2020-12-24 00:56:56.602 [main] INFO  cn.edu.xmu.other.AftersaleApplication - No active profile set, falling back to default profiles: default
2020-12-24 00:56:57.740 [main] INFO  com.alibaba.spring.util.BeanRegistrar - The Infrastructure bean definition [Root bean: class [org.apache.dubbo.config.spring.beans.factory.annotation.ReferenceAnnotationBeanPostProcessor]; scope=; abstract=false; lazyInit=null; autowireMode=0; dependencyCheck=0; autowireCandidate=true; primary=false; factoryBeanName=null; factoryMethodName=null; initMethodName=null; destroyMethodName=nullwith name [referenceAnnotationBeanPostProcessor] has been registered.
2020-12-24 00:56:57.742 [main] INFO  com.alibaba.spring.util.BeanRegistrar - The Infrastructure bean definition [Root bean: class [org.apache.dubbo.config.spring.beans.factory.annotation.DubboConfigAliasPostProcessor]; scope=; abstract=false; lazyInit=null; autowireMode=0; dependencyCheck=0; autowireCandidate=true; primary=false; factoryBeanName=null; factoryMethodName=null; initMethodName=null; destroyMethodName=nullwith name [dubboConfigAliasPostProcessor] has been registered.
2020-12-24 00:56:57.743 [main] INFO  com.alibaba.spring.util.BeanRegistrar - The Infrastructure bean definition [Root bean: class [org.apache.dubbo.config.spring.context.DubboLifecycleComponentApplicationListener]; scope=; abstract=false; lazyInit=null; autowireMode=0; dependencyCheck=0; autowireCandidate=true; primary=false; factoryBeanName=null; factoryMethodName=null; initMethodName=null; destroyMethodName=nullwith name [dubboLifecycleComponentApplicationListener] has been registered.
2020-12-24 00:56:57.745 [main] INFO  com.alibaba.spring.util.BeanRegistrar - The Infrastructure bean definition [Root bean: class [org.apache.dubbo.config.spring.context.DubboBootstrapApplicationListener]; scope=; abstract=false; lazyInit=null; autowireMode=0; dependencyCheck=0; autowireCandidate=true; primary=false; factoryBeanName=null; factoryMethodName=null; initMethodName=null; destroyMethodName=nullwith name [dubboBootstrapApplicationListener] has been registered.
2020-12-24 00:56:57.746 [main] INFO  com.alibaba.spring.util.BeanRegistrar - The Infrastructure bean definition [Root bean: class [org.apache.dubbo.config.spring.beans.factory.config.DubboConfigDefaultPropertyValueBeanPostProcessor]; scope=; abstract=false; lazyInit=null; autowireMode=0; dependencyCheck=0; autowireCandidate=true; primary=false; factoryBeanName=null; factoryMethodName=null; initMethodName=null; destroyMethodName=nullwith name [dubboConfigDefaultPropertyValueBeanPostProcessor] has been registered.
2020-12-24 00:56:57.804 [main] INFO  o.s.d.r.config.RepositoryConfigurationDelegate - Multiple Spring Data modules found, entering strict repository configuration mode!
2020-12-24 00:56:57.810 [main] INFO  o.s.d.r.config.RepositoryConfigurationDelegate - Bootstrapping Spring Data Redis repositories in DEFAULT mode.
2020-12-24 00:56:57.862 [main] INFO  o.s.d.r.config.RepositoryConfigurationDelegate - Finished Spring Data repository scanning in 27ms. Found 0 Redis repository interfaces.
2020-12-24 00:56:58.084 [main] INFO  c.a.s.b.f.a.ConfigurationBeanBindingRegistrar - The configuration bean definition [name : org.apache.dubbo.config.ApplicationConfig#0, content : Root bean: class [org.apache.dubbo.config.ApplicationConfig]; scope=; abstract=false; lazyInit=null; autowireMode=0; dependencyCheck=0; autowireCandidate=true; primary=false; factoryBeanName=null; factoryMethodName=null; initMethodName=null; destroyMethodName=null] has been registered.
2020-12-24 00:56:58.085 [main] INFO  com.alibaba.spring.util.BeanRegistrar - The Infrastructure bean definition [Root bean: class [com.alibaba.spring.beans.factory.annotation.ConfigurationBeanBindingPostProcessor]; scope=; abstract=false; lazyInit=null; autowireMode=0; dependencyCheck=0; autowireCandidate=true; primary=false; factoryBeanName=null; factoryMethodName=null; initMethodName=null; destroyMethodName=nullwith name [configurationBeanBindingPostProcessor] has been registered.
2020-12-24 00:56:58.086 [main] INFO  c.a.s.b.f.a.ConfigurationBeanBindingRegistrar - The configuration bean definition [name : org.apache.dubbo.config.RegistryConfig#0, content : Root bean: class [org.apache.dubbo.config.RegistryConfig]; scope=; abstract=false; lazyInit=null; autowireMode=0; dependencyCheck=0; autowireCandidate=true; primary=false; factoryBeanName=null; factoryMethodName=null; initMethodName=null; destroyMethodName=null] has been registered.
2020-12-24 00:56:58.100 [main] INFO  c.a.s.b.f.a.ConfigurationBeanBindingRegistrar - The configuration bean definition [name : org.apache.dubbo.config.ProtocolConfig#0, content : Root bean: class [org.apache.dubbo.config.ProtocolConfig]; scope=; abstract=false; lazyInit=null; autowireMode=0; dependencyCheck=0; autowireCandidate=true; primary=false; factoryBeanName=null; factoryMethodName=null; initMethodName=null; destroyMethodName=null] has been registered.
2020-12-24 00:56:58.100 [main] INFO  c.a.s.b.f.a.ConfigurationBeanBindingRegistrar - The configuration bean definition [name : org.apache.dubbo.config.ConsumerConfig#0, content : Root bean: class [org.apache.dubbo.config.ConsumerConfig]; scope=; abstract=false; lazyInit=null; autowireMode=0; dependencyCheck=0; autowireCandidate=true; primary=false; factoryBeanName=null; factoryMethodName=null; initMethodName=null; destroyMethodName=null] has been registered.
2020-12-24 00:56:58.319 [main] INFO  com.alibaba.spring.util.BeanRegistrar - The Infrastructure bean definition [Root bean: class [org.apache.dubbo.config.spring.context.DubboBootstrapApplicationListener]; scope=; abstract=false; lazyInit=null; autowireMode=0; dependencyCheck=0; autowireCandidate=true; primary=false; factoryBeanName=null; factoryMethodName=null; initMethodName=null; destroyMethodName=nullwith name [dubboBootstrapApplicationListener] has been registered.
2020-12-24 00:56:58.861 [main] INFO  o.s.c.annotation.ConfigurationClassPostProcessor - Cannot enhance @Configuration bean definition 'org.apache.dubbo.spring.boot.autoconfigure.DubboRelaxedBinding2AutoConfiguration' since its singleton instance has been created too early. The typical cause is a non-static @Bean method with a BeanDefinitionRegistryPostProcessor return type: Consider declaring such methods as 'static'.
2020-12-24 00:56:58.862 [main] INFO  o.s.c.annotation.ConfigurationClassPostProcessor - Cannot enhance @Configuration bean definition 'org.apache.dubbo.spring.boot.autoconfigure.DubboAutoConfiguration' since its singleton instance has been created too early. The typical cause is a non-static @Bean method with a BeanDefinitionRegistryPostProcessor return type: Consider declaring such methods as 'static'.
2020-12-24 00:57:00.090 [main] INFO  o.s.boot.web.embedded.tomcat.TomcatWebServer - Tomcat initialized with port(s): 8084 (http)
2020-12-24 00:57:00.102 [main] INFO  org.apache.coyote.http11.Http11NioProtocol - Initializing ProtocolHandler ["http-nio-8084"]
2020-12-24 00:57:00.102 [main] INFO  org.apache.catalina.core.StandardService - Starting service [Tomcat]
2020-12-24 00:57:00.102 [main] INFO  org.apache.catalina.core.StandardEngine - Starting Servlet engine: [Apache Tomcat/9.0.37]
2020-12-24 00:57:00.246 [main] INFO  o.a.c.core.ContainerBase.[Tomcat].[localhost].[/] - Initializing Spring embedded WebApplicationContext
2020-12-24 00:57:00.246 [main] INFO  o.s.b.w.s.c.ServletWebServerApplicationContext - Root WebApplicationContext: initialization completed in 3595 ms
2020-12-24 00:57:00.663 [main] INFO  c.a.s.b.f.a.ConfigurationBeanBindingPostProcessor - The configuration bean [<dubbo:application name="aftersale-service" qosEnable="false" hostname="NULL0X73-FX63VM" />] have been binding by the configuration properties [{name=aftersale-service, qos-enable=false}]
2020-12-24 00:57:00.683 [main] INFO  c.a.s.b.f.a.ConfigurationBeanBindingPostProcessor - The configuration bean [<dubbo:registry address="nacos://47.115.162.144:8847" port="8847" protocol="nacos" />] have been binding by the configuration properties [{address=nacos://47.115.162.144:8847}]
2020-12-24 00:57:00.693 [main] INFO  c.a.s.b.f.a.ConfigurationBeanBindingPostProcessor - The configuration bean [<dubbo:protocol name="dubbo" port="28091" />] have been binding by the configuration properties [{name=dubbo, port=28091}]
2020-12-24 00:57:00.709 [main] INFO  c.a.s.b.f.a.ConfigurationBeanBindingPostProcessor - The configuration bean [<dubbo:consumer />] have been binding by the configuration properties [{check=false}]
2020-12-24 00:57:00.717 [main] INFO  o.a.d.c.s.b.f.annotation.ReferenceBeanBuilder - The configBean[type:ReferenceBean] has been built.
2020-12-24 00:57:02.482 [main] INFO  o.a.d.c.s.b.f.annotation.ReferenceBeanBuilder - The configBean[type:ReferenceBean] has been built.
2020-12-24 00:57:03.216 [main] INFO  c.a.d.s.b.a.DruidDataSourceAutoConfigure - Init DruidDataSource
2020-12-24 00:57:03.806 [main] INFO  com.alibaba.druid.pool.DruidDataSource - {dataSource-1} inited
2020-12-24 00:57:05.003 [main] INFO  o.s.scheduling.concurrent.ThreadPoolTaskExecutor - Initializing ExecutorService 'applicationTaskExecutor'
2020-12-24 00:57:06.741 [main] INFO  org.apache.coyote.http11.Http11NioProtocol - Starting ProtocolHandler ["http-nio-8084"]
2020-12-24 00:57:06.797 [main] INFO  o.s.boot.web.embedded.tomcat.TomcatWebServer - Tomcat started on port(s): 8084 (http) with context path ''
2020-12-24 00:57:06.837 [main] INFO  cn.edu.xmu.other.AftersaleApplication - Started AftersaleApplication in 10.851 seconds (JVM running for 11.516)
2020-12-24 01:03:32.680 [main] INFO  o.a.d.s.b.c.event.WelcomeLogoApplicationListener - 

 :: Dubbo Spring Boot (v2.7.8) : https://github.com/apache/dubbo-spring-boot-project
 :: Dubbo (v2.7.8) : https://github.com/apache/dubbo
 :: Discuss group : dev@dubbo.apache.org

2020-12-24 01:03:32.686 [main] INFO  o.a.d.s.b.c.e.OverrideDubboConfigApplicationListener - Dubbo Config was overridden by externalized configuration {dubbo.application.name=aftersale-service, dubbo.application.qos-enable=false, dubbo.config.multiple=true, dubbo.consumer.check=false, dubbo.protocol.name=dubbo, dubbo.protocol.port=28091, dubbo.registry.address=nacos://47.115.162.144:8847, dubbo.scan.base-packages=cn.edu.xmu.goods.service}
2020-12-24 01:03:32.744 [background-preinit] INFO  org.hibernate.validator.internal.util.Version - HV000001: Hibernate Validator 6.1.5.Final
2020-12-24 01:03:32.788 [main] INFO  cn.edu.xmu.other.AftersaleApplication - Starting AftersaleApplication on NULL0X73-FX63VM with PID 1904 (C:\Users\ADMIN\Desktop\gateway\oomall\aftersale\target\classes started by ADMIN in C:\Users\ADMIN\Desktop\gateway\oomall\aftersale)
2020-12-24 01:03:32.789 [main] INFO  cn.edu.xmu.other.AftersaleApplication - No active profile set, falling back to default profiles: default
2020-12-24 01:03:33.481 [main] INFO  com.alibaba.spring.util.BeanRegistrar - The Infrastructure bean definition [Root bean: class [org.apache.dubbo.config.spring.beans.factory.annotation.ReferenceAnnotationBeanPostProcessor]; scope=; abstract=false; lazyInit=null; autowireMode=0; dependencyCheck=0; autowireCandidate=true; primary=false; factoryBeanName=null; factoryMethodName=null; initMethodName=null; destroyMethodName=nullwith name [referenceAnnotationBeanPostProcessor] has been registered.
2020-12-24 01:03:33.482 [main] INFO  com.alibaba.spring.util.BeanRegistrar - The Infrastructure bean definition [Root bean: class [org.apache.dubbo.config.spring.beans.factory.annotation.DubboConfigAliasPostProcessor]; scope=; abstract=false; lazyInit=null; autowireMode=0; dependencyCheck=0; autowireCandidate=true; primary=false; factoryBeanName=null; factoryMethodName=null; initMethodName=null; destroyMethodName=nullwith name [dubboConfigAliasPostProcessor] has been registered.
2020-12-24 01:03:33.483 [main] INFO  com.alibaba.spring.util.BeanRegistrar - The Infrastructure bean definition [Root bean: class [org.apache.dubbo.config.spring.context.DubboLifecycleComponentApplicationListener]; scope=; abstract=false; lazyInit=null; autowireMode=0; dependencyCheck=0; autowireCandidate=true; primary=false; factoryBeanName=null; factoryMethodName=null; initMethodName=null; destroyMethodName=nullwith name [dubboLifecycleComponentApplicationListener] has been registered.
2020-12-24 01:03:33.484 [main] INFO  com.alibaba.spring.util.BeanRegistrar - The Infrastructure bean definition [Root bean: class [org.apache.dubbo.config.spring.context.DubboBootstrapApplicationListener]; scope=; abstract=false; lazyInit=null; autowireMode=0; dependencyCheck=0; autowireCandidate=true; primary=false; factoryBeanName=null; factoryMethodName=null; initMethodName=null; destroyMethodName=nullwith name [dubboBootstrapApplicationListener] has been registered.
2020-12-24 01:03:33.485 [main] INFO  com.alibaba.spring.util.BeanRegistrar - The Infrastructure bean definition [Root bean: class [org.apache.dubbo.config.spring.beans.factory.config.DubboConfigDefaultPropertyValueBeanPostProcessor]; scope=; abstract=false; lazyInit=null; autowireMode=0; dependencyCheck=0; autowireCandidate=true; primary=false; factoryBeanName=null; factoryMethodName=null; initMethodName=null; destroyMethodName=nullwith name [dubboConfigDefaultPropertyValueBeanPostProcessor] has been registered.
2020-12-24 01:03:33.534 [main] INFO  o.s.d.r.config.RepositoryConfigurationDelegate - Multiple Spring Data modules found, entering strict repository configuration mode!
2020-12-24 01:03:33.536 [main] INFO  o.s.d.r.config.RepositoryConfigurationDelegate - Bootstrapping Spring Data Redis repositories in DEFAULT mode.
2020-12-24 01:03:33.566 [main] INFO  o.s.d.r.config.RepositoryConfigurationDelegate - Finished Spring Data repository scanning in 16ms. Found 0 Redis repository interfaces.
2020-12-24 01:03:33.693 [main] INFO  c.a.s.b.f.a.ConfigurationBeanBindingRegistrar - The configuration bean definition [name : org.apache.dubbo.config.ApplicationConfig#0, content : Root bean: class [org.apache.dubbo.config.ApplicationConfig]; scope=; abstract=false; lazyInit=null; autowireMode=0; dependencyCheck=0; autowireCandidate=true; primary=false; factoryBeanName=null; factoryMethodName=null; initMethodName=null; destroyMethodName=null] has been registered.
2020-12-24 01:03:33.693 [main] INFO  com.alibaba.spring.util.BeanRegistrar - The Infrastructure bean definition [Root bean: class [com.alibaba.spring.beans.factory.annotation.ConfigurationBeanBindingPostProcessor]; scope=; abstract=false; lazyInit=null; autowireMode=0; dependencyCheck=0; autowireCandidate=true; primary=false; factoryBeanName=null; factoryMethodName=null; initMethodName=null; destroyMethodName=nullwith name [configurationBeanBindingPostProcessor] has been registered.
2020-12-24 01:03:33.693 [main] INFO  c.a.s.b.f.a.ConfigurationBeanBindingRegistrar - The configuration bean definition [name : org.apache.dubbo.config.RegistryConfig#0, content : Root bean: class [org.apache.dubbo.config.RegistryConfig]; scope=; abstract=false; lazyInit=null; autowireMode=0; dependencyCheck=0; autowireCandidate=true; primary=false; factoryBeanName=null; factoryMethodName=null; initMethodName=null; destroyMethodName=null] has been registered.
2020-12-24 01:03:33.694 [main] INFO  c.a.s.b.f.a.ConfigurationBeanBindingRegistrar - The configuration bean definition [name : org.apache.dubbo.config.ProtocolConfig#0, content : Root bean: class [org.apache.dubbo.config.ProtocolConfig]; scope=; abstract=false; lazyInit=null; autowireMode=0; dependencyCheck=0; autowireCandidate=true; primary=false; factoryBeanName=null; factoryMethodName=null; initMethodName=null; destroyMethodName=null] has been registered.
2020-12-24 01:03:33.694 [main] INFO  c.a.s.b.f.a.ConfigurationBeanBindingRegistrar - The configuration bean definition [name : org.apache.dubbo.config.ConsumerConfig#0, content : Root bean: class [org.apache.dubbo.config.ConsumerConfig]; scope=; abstract=false; lazyInit=null; autowireMode=0; dependencyCheck=0; autowireCandidate=true; primary=false; factoryBeanName=null; factoryMethodName=null; initMethodName=null; destroyMethodName=null] has been registered.
2020-12-24 01:03:33.818 [main] INFO  com.alibaba.spring.util.BeanRegistrar - The Infrastructure bean definition [Root bean: class [org.apache.dubbo.config.spring.context.DubboBootstrapApplicationListener]; scope=; abstract=false; lazyInit=null; autowireMode=0; dependencyCheck=0; autowireCandidate=true; primary=false; factoryBeanName=null; factoryMethodName=null; initMethodName=null; destroyMethodName=nullwith name [dubboBootstrapApplicationListener] has been registered.
2020-12-24 01:03:34.081 [main] INFO  o.s.c.annotation.ConfigurationClassPostProcessor - Cannot enhance @Configuration bean definition 'org.apache.dubbo.spring.boot.autoconfigure.DubboRelaxedBinding2AutoConfiguration' since its singleton instance has been created too early. The typical cause is a non-static @Bean method with a BeanDefinitionRegistryPostProcessor return type: Consider declaring such methods as 'static'.
2020-12-24 01:03:34.081 [main] INFO  o.s.c.annotation.ConfigurationClassPostProcessor - Cannot enhance @Configuration bean definition 'org.apache.dubbo.spring.boot.autoconfigure.DubboAutoConfiguration' since its singleton instance has been created too early. The typical cause is a non-static @Bean method with a BeanDefinitionRegistryPostProcessor return type: Consider declaring such methods as 'static'.
2020-12-24 01:03:35.255 [main] INFO  o.s.boot.web.embedded.tomcat.TomcatWebServer - Tomcat initialized with port(s): 8084 (http)
2020-12-24 01:03:35.267 [main] INFO  org.apache.coyote.http11.Http11NioProtocol - Initializing ProtocolHandler ["http-nio-8084"]
2020-12-24 01:03:35.268 [main] INFO  org.apache.catalina.core.StandardService - Starting service [Tomcat]
2020-12-24 01:03:35.268 [main] INFO  org.apache.catalina.core.StandardEngine - Starting Servlet engine: [Apache Tomcat/9.0.37]
2020-12-24 01:03:35.478 [main] INFO  o.a.c.core.ContainerBase.[Tomcat].[localhost].[/] - Initializing Spring embedded WebApplicationContext
2020-12-24 01:03:35.478 [main] INFO  o.s.b.w.s.c.ServletWebServerApplicationContext - Root WebApplicationContext: initialization completed in 2649 ms
2020-12-24 01:03:36.025 [main] INFO  c.a.s.b.f.a.ConfigurationBeanBindingPostProcessor - The configuration bean [<dubbo:application name="aftersale-service" hostname="NULL0X73-FX63VM" qosEnable="false" />] have been binding by the configuration properties [{name=aftersale-service, qos-enable=false}]
2020-12-24 01:03:36.049 [main] INFO  c.a.s.b.f.a.ConfigurationBeanBindingPostProcessor - The configuration bean [<dubbo:registry address="nacos://47.115.162.144:8847" port="8847" protocol="nacos" />] have been binding by the configuration properties [{address=nacos://47.115.162.144:8847}]
2020-12-24 01:03:36.057 [main] INFO  c.a.s.b.f.a.ConfigurationBeanBindingPostProcessor - The configuration bean [<dubbo:protocol name="dubbo" port="28091" />] have been binding by the configuration properties [{name=dubbo, port=28091}]
2020-12-24 01:03:36.112 [main] INFO  c.a.s.b.f.a.ConfigurationBeanBindingPostProcessor - The configuration bean [<dubbo:consumer />] have been binding by the configuration properties [{check=false}]
2020-12-24 01:03:36.131 [main] INFO  o.a.d.c.s.b.f.annotation.ReferenceBeanBuilder - The configBean[type:ReferenceBean] has been built.
2020-12-24 01:03:37.976 [main] INFO  o.a.d.c.s.b.f.annotation.ReferenceBeanBuilder - The configBean[type:ReferenceBean] has been built.
2020-12-24 01:03:38.774 [main] INFO  c.a.d.s.b.a.DruidDataSourceAutoConfigure - Init DruidDataSource
2020-12-24 01:03:39.212 [main] INFO  com.alibaba.druid.pool.DruidDataSource - {dataSource-1} inited
2020-12-24 01:03:39.899 [main] INFO  o.s.scheduling.concurrent.ThreadPoolTaskExecutor - Initializing ExecutorService 'applicationTaskExecutor'
2020-12-24 01:03:41.049 [main] INFO  org.apache.coyote.http11.Http11NioProtocol - Starting ProtocolHandler ["http-nio-8084"]
2020-12-24 01:03:41.076 [main] INFO  o.s.boot.web.embedded.tomcat.TomcatWebServer - Tomcat started on port(s): 8084 (http) with context path ''
2020-12-24 01:03:41.089 [main] INFO  cn.edu.xmu.other.AftersaleApplication - Started AftersaleApplication in 8.751 seconds (JVM running for 9.305)
2020-12-24 01:08:52.370 [http-nio-8084-exec-1] INFO  o.a.c.core.ContainerBase.[Tomcat].[localhost].[/] - Initializing Spring DispatcherServlet 'dispatcherServlet'
2020-12-24 01:08:52.371 [http-nio-8084-exec-1] INFO  org.springframework.web.servlet.DispatcherServlet - Initializing Servlet 'dispatcherServlet'
2020-12-24 01:08:52.390 [http-nio-8084-exec-1] INFO  org.springframework.web.servlet.DispatcherServlet - Completed initialization in 19 ms
2020-12-24 01:08:52.598 [http-nio-8084-exec-1] ERROR cn.edu.xmu.ooad.annotation.AuditAspect - the api path is null
2020-12-24 01:08:52.989 [http-nio-8084-exec-2] ERROR cn.edu.xmu.ooad.annotation.AuditAspect - the api path is null
2020-12-24 01:08:54.512 [http-nio-8084-exec-3] ERROR cn.edu.xmu.ooad.annotation.AuditAspect - the api path is null
2020-12-24 01:08:54.740 [http-nio-8084-exec-4] ERROR cn.edu.xmu.ooad.annotation.AuditAspect - the api path is null
2020-12-24 01:08:54.985 [http-nio-8084-exec-5] ERROR cn.edu.xmu.ooad.annotation.AuditAspect - the api path is null
2020-12-24 01:08:55.193 [http-nio-8084-exec-6] ERROR cn.edu.xmu.ooad.annotation.AuditAspect - the api path is null
2020-12-24 01:08:56.652 [http-nio-8084-exec-7] ERROR cn.edu.xmu.ooad.annotation.AuditAspect - the api path is null
2020-12-24 01:08:56.855 [http-nio-8084-exec-8] ERROR cn.edu.xmu.ooad.annotation.AuditAspect - the api path is null
2020-12-24 01:08:58.305 [http-nio-8084-exec-9] ERROR cn.edu.xmu.ooad.annotation.AuditAspect - the api path is null
2020-12-24 01:08:58.536 [http-nio-8084-exec-10] ERROR cn.edu.xmu.ooad.annotation.AuditAspect - the api path is null
2020-12-24 01:08:58.803 [http-nio-8084-exec-1] ERROR cn.edu.xmu.ooad.annotation.AuditAspect - the api path is null
2020-12-24 01:08:59.026 [http-nio-8084-exec-2] ERROR cn.edu.xmu.ooad.annotation.AuditAspect - the api path is null
2020-12-24 01:09:12.187 [http-nio-8084-exec-3] ERROR cn.edu.xmu.ooad.annotation.AuditAspect - the api path is null
2020-12-24 01:09:12.731 [http-nio-8084-exec-4] ERROR cn.edu.xmu.ooad.annotation.AuditAspect - the api path is null
2020-12-24 01:09:14.710 [http-nio-8084-exec-5] ERROR cn.edu.xmu.ooad.annotation.AuditAspect - the api path is null
2020-12-24 01:09:14.939 [http-nio-8084-exec-6] ERROR cn.edu.xmu.ooad.annotation.AuditAspect - the api path is null
2020-12-24 01:09:15.176 [http-nio-8084-exec-7] ERROR cn.edu.xmu.ooad.annotation.AuditAspect - the api path is null
2020-12-24 01:09:15.404 [http-nio-8084-exec-8] ERROR cn.edu.xmu.ooad.annotation.AuditAspect - the api path is null
2020-12-24 01:09:16.892 [http-nio-8084-exec-9] ERROR cn.edu.xmu.ooad.annotation.AuditAspect - the api path is null
2020-12-24 01:09:17.102 [http-nio-8084-exec-10] ERROR cn.edu.xmu.ooad.annotation.AuditAspect - the api path is null
2020-12-24 01:09:17.340 [http-nio-8084-exec-1] ERROR cn.edu.xmu.ooad.annotation.AuditAspect - the api path is null
2020-12-24 02:13:50.157 [main] INFO  o.a.d.s.b.c.event.WelcomeLogoApplicationListener - 

 :: Dubbo Spring Boot (v2.7.8) : https://github.com/apache/dubbo-spring-boot-project
 :: Dubbo (v2.7.8) : https://github.com/apache/dubbo
 :: Discuss group : dev@dubbo.apache.org

2020-12-24 02:13:50.165 [main] INFO  o.a.d.s.b.c.e.OverrideDubboConfigApplicationListener - Dubbo Config was overridden by externalized configuration {dubbo.application.name=aftersale-service, dubbo.application.qos-enable=false, dubbo.config.multiple=true, dubbo.consumer.check=false, dubbo.protocol.name=dubbo, dubbo.protocol.port=28091, dubbo.registry.address=nacos://47.115.162.144:8847, dubbo.scan.base-packages=cn.edu.xmu.goods.service}
2020-12-24 02:13:50.266 [background-preinit] INFO  org.hibernate.validator.internal.util.Version - HV000001: Hibernate Validator 6.1.5.Final
2020-12-24 02:13:50.327 [main] INFO  cn.edu.xmu.other.AftersaleApplication - Starting AftersaleApplication on NULL0X73-FX63VM with PID 8740 (C:\Users\ADMIN\Desktop\^CODE\oomall\aftersale\target\classes started by ADMIN in C:\Users\ADMIN\Desktop\^CODE\oomall\aftersale)
2020-12-24 02:13:50.328 [main] INFO  cn.edu.xmu.other.AftersaleApplication - No active profile set, falling back to default profiles: default
2020-12-24 02:13:51.323 [main] INFO  com.alibaba.spring.util.BeanRegistrar - The Infrastructure bean definition [Root bean: class [org.apache.dubbo.config.spring.beans.factory.annotation.ReferenceAnnotationBeanPostProcessor]; scope=; abstract=false; lazyInit=null; autowireMode=0; dependencyCheck=0; autowireCandidate=true; primary=false; factoryBeanName=null; factoryMethodName=null; initMethodName=null; destroyMethodName=nullwith name [referenceAnnotationBeanPostProcessor] has been registered.
2020-12-24 02:13:51.324 [main] INFO  com.alibaba.spring.util.BeanRegistrar - The Infrastructure bean definition [Root bean: class [org.apache.dubbo.config.spring.beans.factory.annotation.DubboConfigAliasPostProcessor]; scope=; abstract=false; lazyInit=null; autowireMode=0; dependencyCheck=0; autowireCandidate=true; primary=false; factoryBeanName=null; factoryMethodName=null; initMethodName=null; destroyMethodName=nullwith name [dubboConfigAliasPostProcessor] has been registered.
2020-12-24 02:13:51.324 [main] INFO  com.alibaba.spring.util.BeanRegistrar - The Infrastructure bean definition [Root bean: class [org.apache.dubbo.config.spring.context.DubboLifecycleComponentApplicationListener]; scope=; abstract=false; lazyInit=null; autowireMode=0; dependencyCheck=0; autowireCandidate=true; primary=false; factoryBeanName=null; factoryMethodName=null; initMethodName=null; destroyMethodName=nullwith name [dubboLifecycleComponentApplicationListener] has been registered.
2020-12-24 02:13:51.325 [main] INFO  com.alibaba.spring.util.BeanRegistrar - The Infrastructure bean definition [Root bean: class [org.apache.dubbo.config.spring.context.DubboBootstrapApplicationListener]; scope=; abstract=false; lazyInit=null; autowireMode=0; dependencyCheck=0; autowireCandidate=true; primary=false; factoryBeanName=null; factoryMethodName=null; initMethodName=null; destroyMethodName=nullwith name [dubboBootstrapApplicationListener] has been registered.
2020-12-24 02:13:51.327 [main] INFO  com.alibaba.spring.util.BeanRegistrar - The Infrastructure bean definition [Root bean: class [org.apache.dubbo.config.spring.beans.factory.config.DubboConfigDefaultPropertyValueBeanPostProcessor]; scope=; abstract=false; lazyInit=null; autowireMode=0; dependencyCheck=0; autowireCandidate=true; primary=false; factoryBeanName=null; factoryMethodName=null; initMethodName=null; destroyMethodName=nullwith name [dubboConfigDefaultPropertyValueBeanPostProcessor] has been registered.
2020-12-24 02:13:51.376 [main] INFO  o.s.d.r.config.RepositoryConfigurationDelegate - Multiple Spring Data modules found, entering strict repository configuration mode!
2020-12-24 02:13:51.380 [main] INFO  o.s.d.r.config.RepositoryConfigurationDelegate - Bootstrapping Spring Data Redis repositories in DEFAULT mode.
2020-12-24 02:13:51.428 [main] INFO  o.s.d.r.config.RepositoryConfigurationDelegate - Finished Spring Data repository scanning in 19ms. Found 0 Redis repository interfaces.
2020-12-24 02:13:51.698 [main] INFO  c.a.s.b.f.a.ConfigurationBeanBindingRegistrar - The configuration bean definition [name : org.apache.dubbo.config.ApplicationConfig#0, content : Root bean: class [org.apache.dubbo.config.ApplicationConfig]; scope=; abstract=false; lazyInit=null; autowireMode=0; dependencyCheck=0; autowireCandidate=true; primary=false; factoryBeanName=null; factoryMethodName=null; initMethodName=null; destroyMethodName=null] has been registered.
2020-12-24 02:13:51.698 [main] INFO  com.alibaba.spring.util.BeanRegistrar - The Infrastructure bean definition [Root bean: class [com.alibaba.spring.beans.factory.annotation.ConfigurationBeanBindingPostProcessor]; scope=; abstract=false; lazyInit=null; autowireMode=0; dependencyCheck=0; autowireCandidate=true; primary=false; factoryBeanName=null; factoryMethodName=null; initMethodName=null; destroyMethodName=nullwith name [configurationBeanBindingPostProcessor] has been registered.
2020-12-24 02:13:51.700 [main] INFO  c.a.s.b.f.a.ConfigurationBeanBindingRegistrar - The configuration bean definition [name : org.apache.dubbo.config.RegistryConfig#0, content : Root bean: class [org.apache.dubbo.config.RegistryConfig]; scope=; abstract=false; lazyInit=null; autowireMode=0; dependencyCheck=0; autowireCandidate=true; primary=false; factoryBeanName=null; factoryMethodName=null; initMethodName=null; destroyMethodName=null] has been registered.
2020-12-24 02:13:51.701 [main] INFO  c.a.s.b.f.a.ConfigurationBeanBindingRegistrar - The configuration bean definition [name : org.apache.dubbo.config.ProtocolConfig#0, content : Root bean: class [org.apache.dubbo.config.ProtocolConfig]; scope=; abstract=false; lazyInit=null; autowireMode=0; dependencyCheck=0; autowireCandidate=true; primary=false; factoryBeanName=null; factoryMethodName=null; initMethodName=null; destroyMethodName=null] has been registered.
2020-12-24 02:13:51.708 [main] INFO  c.a.s.b.f.a.ConfigurationBeanBindingRegistrar - The configuration bean definition [name : org.apache.dubbo.config.ConsumerConfig#0, content : Root bean: class [org.apache.dubbo.config.ConsumerConfig]; scope=; abstract=false; lazyInit=null; autowireMode=0; dependencyCheck=0; autowireCandidate=true; primary=false; factoryBeanName=null; factoryMethodName=null; initMethodName=null; destroyMethodName=null] has been registered.
2020-12-24 02:13:51.882 [main] INFO  com.alibaba.spring.util.BeanRegistrar - The Infrastructure bean definition [Root bean: class [org.apache.dubbo.config.spring.context.DubboBootstrapApplicationListener]; scope=; abstract=false; lazyInit=null; autowireMode=0; dependencyCheck=0; autowireCandidate=true; primary=false; factoryBeanName=null; factoryMethodName=null; initMethodName=null; destroyMethodName=nullwith name [dubboBootstrapApplicationListener] has been registered.
2020-12-24 02:13:52.443 [main] INFO  o.s.c.annotation.ConfigurationClassPostProcessor - Cannot enhance @Configuration bean definition 'org.apache.dubbo.spring.boot.autoconfigure.DubboRelaxedBinding2AutoConfiguration' since its singleton instance has been created too early. The typical cause is a non-static @Bean method with a BeanDefinitionRegistryPostProcessor return type: Consider declaring such methods as 'static'.
2020-12-24 02:13:52.444 [main] INFO  o.s.c.annotation.ConfigurationClassPostProcessor - Cannot enhance @Configuration bean definition 'org.apache.dubbo.spring.boot.autoconfigure.DubboAutoConfiguration' since its singleton instance has been created too early. The typical cause is a non-static @Bean method with a BeanDefinitionRegistryPostProcessor return type: Consider declaring such methods as 'static'.
2020-12-24 02:13:53.513 [main] INFO  o.s.boot.web.embedded.tomcat.TomcatWebServer - Tomcat initialized with port(s): 8084 (http)
2020-12-24 02:13:53.538 [main] INFO  org.apache.coyote.http11.Http11NioProtocol - Initializing ProtocolHandler ["http-nio-8084"]
2020-12-24 02:13:53.539 [main] INFO  org.apache.catalina.core.StandardService - Starting service [Tomcat]
2020-12-24 02:13:53.539 [main] INFO  org.apache.catalina.core.StandardEngine - Starting Servlet engine: [Apache Tomcat/9.0.37]
2020-12-24 02:13:53.753 [main] INFO  o.a.c.core.ContainerBase.[Tomcat].[localhost].[/] - Initializing Spring embedded WebApplicationContext
2020-12-24 02:13:53.753 [main] INFO  o.s.b.w.s.c.ServletWebServerApplicationContext - Root WebApplicationContext: initialization completed in 3379 ms
2020-12-24 02:13:54.161 [main] INFO  c.a.s.b.f.a.ConfigurationBeanBindingPostProcessor - The configuration bean [<dubbo:application name="aftersale-service" qosEnable="false" hostname="NULL0X73-FX63VM" />] have been binding by the configuration properties [{name=aftersale-service, qos-enable=false}]
2020-12-24 02:13:54.174 [main] INFO  c.a.s.b.f.a.ConfigurationBeanBindingPostProcessor - The configuration bean [<dubbo:registry address="nacos://47.115.162.144:8847" port="8847" protocol="nacos" />] have been binding by the configuration properties [{address=nacos://47.115.162.144:8847}]
2020-12-24 02:13:54.185 [main] INFO  c.a.s.b.f.a.ConfigurationBeanBindingPostProcessor - The configuration bean [<dubbo:protocol name="dubbo" port="28091" />] have been binding by the configuration properties [{name=dubbo, port=28091}]
2020-12-24 02:13:54.199 [main] INFO  c.a.s.b.f.a.ConfigurationBeanBindingPostProcessor - The configuration bean [<dubbo:consumer />] have been binding by the configuration properties [{check=false}]
2020-12-24 02:13:54.204 [main] INFO  o.a.d.c.s.b.f.annotation.ReferenceBeanBuilder - The configBean[type:ReferenceBean] has been built.
2020-12-24 02:13:55.935 [main] INFO  o.a.d.c.s.b.f.annotation.ReferenceBeanBuilder - The configBean[type:ReferenceBean] has been built.
2020-12-24 02:13:56.675 [main] INFO  c.a.d.s.b.a.DruidDataSourceAutoConfigure - Init DruidDataSource
2020-12-24 02:13:56.977 [main] INFO  com.alibaba.druid.pool.DruidDataSource - {dataSource-1} inited
2020-12-24 02:13:57.599 [main] INFO  o.s.scheduling.concurrent.ThreadPoolTaskExecutor - Initializing ExecutorService 'applicationTaskExecutor'
2020-12-24 02:13:58.471 [main] INFO  org.apache.coyote.http11.Http11NioProtocol - Starting ProtocolHandler ["http-nio-8084"]
2020-12-24 02:13:58.496 [main] INFO  o.s.boot.web.embedded.tomcat.TomcatWebServer - Tomcat started on port(s): 8084 (http) with context path ''
2020-12-24 02:13:58.509 [main] INFO  cn.edu.xmu.other.AftersaleApplication - Started AftersaleApplication in 8.894 seconds (JVM running for 9.46)
2020-12-24 02:26:37.298 [main] INFO  o.a.d.s.b.c.event.WelcomeLogoApplicationListener - 

 :: Dubbo Spring Boot (v2.7.8) : https://github.com/apache/dubbo-spring-boot-project
 :: Dubbo (v2.7.8) : https://github.com/apache/dubbo
 :: Discuss group : dev@dubbo.apache.org

2020-12-24 02:26:37.305 [main] INFO  o.a.d.s.b.c.e.OverrideDubboConfigApplicationListener - Dubbo Config was overridden by externalized configuration {dubbo.application.name=aftersale-service, dubbo.application.qos-enable=false, dubbo.config.multiple=true, dubbo.consumer.check=false, dubbo.protocol.name=dubbo, dubbo.protocol.port=28091, dubbo.registry.address=nacos://47.115.162.144:8847, dubbo.scan.base-packages=cn.edu.xmu.goods.service}
2020-12-24 02:26:37.435 [background-preinit] INFO  org.hibernate.validator.internal.util.Version - HV000001: Hibernate Validator 6.1.5.Final
2020-12-24 02:26:37.544 [main] INFO  cn.edu.xmu.other.AftersaleApplication - Starting AftersaleApplication on NULL0X73-FX63VM with PID 1920 (C:\Users\ADMIN\Desktop\^CODE\oomall\aftersale\target\classes started by ADMIN in C:\Users\ADMIN\Desktop\^CODE\oomall\aftersale)
2020-12-24 02:26:37.546 [main] INFO  cn.edu.xmu.other.AftersaleApplication - No active profile set, falling back to default profiles: default
2020-12-24 02:26:39.185 [main] INFO  com.alibaba.spring.util.BeanRegistrar - The Infrastructure bean definition [Root bean: class [org.apache.dubbo.config.spring.beans.factory.annotation.ReferenceAnnotationBeanPostProcessor]; scope=; abstract=false; lazyInit=null; autowireMode=0; dependencyCheck=0; autowireCandidate=true; primary=false; factoryBeanName=null; factoryMethodName=null; initMethodName=null; destroyMethodName=nullwith name [referenceAnnotationBeanPostProcessor] has been registered.
2020-12-24 02:26:39.187 [main] INFO  com.alibaba.spring.util.BeanRegistrar - The Infrastructure bean definition [Root bean: class [org.apache.dubbo.config.spring.beans.factory.annotation.DubboConfigAliasPostProcessor]; scope=; abstract=false; lazyInit=null; autowireMode=0; dependencyCheck=0; autowireCandidate=true; primary=false; factoryBeanName=null; factoryMethodName=null; initMethodName=null; destroyMethodName=nullwith name [dubboConfigAliasPostProcessor] has been registered.
2020-12-24 02:26:39.188 [main] INFO  com.alibaba.spring.util.BeanRegistrar - The Infrastructure bean definition [Root bean: class [org.apache.dubbo.config.spring.context.DubboLifecycleComponentApplicationListener]; scope=; abstract=false; lazyInit=null; autowireMode=0; dependencyCheck=0; autowireCandidate=true; primary=false; factoryBeanName=null; factoryMethodName=null; initMethodName=null; destroyMethodName=nullwith name [dubboLifecycleComponentApplicationListener] has been registered.
2020-12-24 02:26:39.189 [main] INFO  com.alibaba.spring.util.BeanRegistrar - The Infrastructure bean definition [Root bean: class [org.apache.dubbo.config.spring.context.DubboBootstrapApplicationListener]; scope=; abstract=false; lazyInit=null; autowireMode=0; dependencyCheck=0; autowireCandidate=true; primary=false; factoryBeanName=null; factoryMethodName=null; initMethodName=null; destroyMethodName=nullwith name [dubboBootstrapApplicationListener] has been registered.
2020-12-24 02:26:39.191 [main] INFO  com.alibaba.spring.util.BeanRegistrar - The Infrastructure bean definition [Root bean: class [org.apache.dubbo.config.spring.beans.factory.config.DubboConfigDefaultPropertyValueBeanPostProcessor]; scope=; abstract=false; lazyInit=null; autowireMode=0; dependencyCheck=0; autowireCandidate=true; primary=false; factoryBeanName=null; factoryMethodName=null; initMethodName=null; destroyMethodName=nullwith name [dubboConfigDefaultPropertyValueBeanPostProcessor] has been registered.
2020-12-24 02:26:39.318 [main] INFO  o.s.d.r.config.RepositoryConfigurationDelegate - Multiple Spring Data modules found, entering strict repository configuration mode!
2020-12-24 02:26:39.323 [main] INFO  o.s.d.r.config.RepositoryConfigurationDelegate - Bootstrapping Spring Data Redis repositories in DEFAULT mode.
2020-12-24 02:26:39.395 [main] INFO  o.s.d.r.config.RepositoryConfigurationDelegate - Finished Spring Data repository scanning in 27ms. Found 0 Redis repository interfaces.
2020-12-24 02:26:39.584 [main] INFO  c.a.s.b.f.a.ConfigurationBeanBindingRegistrar - The configuration bean definition [name : org.apache.dubbo.config.ApplicationConfig#0, content : Root bean: class [org.apache.dubbo.config.ApplicationConfig]; scope=; abstract=false; lazyInit=null; autowireMode=0; dependencyCheck=0; autowireCandidate=true; primary=false; factoryBeanName=null; factoryMethodName=null; initMethodName=null; destroyMethodName=null] has been registered.
2020-12-24 02:26:39.584 [main] INFO  com.alibaba.spring.util.BeanRegistrar - The Infrastructure bean definition [Root bean: class [com.alibaba.spring.beans.factory.annotation.ConfigurationBeanBindingPostProcessor]; scope=; abstract=false; lazyInit=null; autowireMode=0; dependencyCheck=0; autowireCandidate=true; primary=false; factoryBeanName=null; factoryMethodName=null; initMethodName=null; destroyMethodName=nullwith name [configurationBeanBindingPostProcessor] has been registered.
2020-12-24 02:26:39.584 [main] INFO  c.a.s.b.f.a.ConfigurationBeanBindingRegistrar - The configuration bean definition [name : org.apache.dubbo.config.RegistryConfig#0, content : Root bean: class [org.apache.dubbo.config.RegistryConfig]; scope=; abstract=false; lazyInit=null; autowireMode=0; dependencyCheck=0; autowireCandidate=true; primary=false; factoryBeanName=null; factoryMethodName=null; initMethodName=null; destroyMethodName=null] has been registered.
2020-12-24 02:26:39.585 [main] INFO  c.a.s.b.f.a.ConfigurationBeanBindingRegistrar - The configuration bean definition [name : org.apache.dubbo.config.ProtocolConfig#0, content : Root bean: class [org.apache.dubbo.config.ProtocolConfig]; scope=; abstract=false; lazyInit=null; autowireMode=0; dependencyCheck=0; autowireCandidate=true; primary=false; factoryBeanName=null; factoryMethodName=null; initMethodName=null; destroyMethodName=null] has been registered.
2020-12-24 02:26:39.585 [main] INFO  c.a.s.b.f.a.ConfigurationBeanBindingRegistrar - The configuration bean definition [name : org.apache.dubbo.config.ConsumerConfig#0, content : Root bean: class [org.apache.dubbo.config.ConsumerConfig]; scope=; abstract=false; lazyInit=null; autowireMode=0; dependencyCheck=0; autowireCandidate=true; primary=false; factoryBeanName=null; factoryMethodName=null; initMethodName=null; destroyMethodName=null] has been registered.
2020-12-24 02:26:39.827 [main] INFO  com.alibaba.spring.util.BeanRegistrar - The Infrastructure bean definition [Root bean: class [org.apache.dubbo.config.spring.context.DubboBootstrapApplicationListener]; scope=; abstract=false; lazyInit=null; autowireMode=0; dependencyCheck=0; autowireCandidate=true; primary=false; factoryBeanName=null; factoryMethodName=null; initMethodName=null; destroyMethodName=nullwith name [dubboBootstrapApplicationListener] has been registered.
2020-12-24 02:26:40.303 [main] INFO  o.s.c.annotation.ConfigurationClassPostProcessor - Cannot enhance @Configuration bean definition 'org.apache.dubbo.spring.boot.autoconfigure.DubboRelaxedBinding2AutoConfiguration' since its singleton instance has been created too early. The typical cause is a non-static @Bean method with a BeanDefinitionRegistryPostProcessor return type: Consider declaring such methods as 'static'.
2020-12-24 02:26:40.303 [main] INFO  o.s.c.annotation.ConfigurationClassPostProcessor - Cannot enhance @Configuration bean definition 'org.apache.dubbo.spring.boot.autoconfigure.DubboAutoConfiguration' since its singleton instance has been created too early. The typical cause is a non-static @Bean method with a BeanDefinitionRegistryPostProcessor return type: Consider declaring such methods as 'static'.
2020-12-24 02:26:41.952 [main] INFO  o.s.boot.web.embedded.tomcat.TomcatWebServer - Tomcat initialized with port(s): 8084 (http)
2020-12-24 02:26:41.965 [main] INFO  org.apache.coyote.http11.Http11NioProtocol - Initializing ProtocolHandler ["http-nio-8084"]
2020-12-24 02:26:41.965 [main] INFO  org.apache.catalina.core.StandardService - Starting service [Tomcat]
2020-12-24 02:26:41.966 [main] INFO  org.apache.catalina.core.StandardEngine - Starting Servlet engine: [Apache Tomcat/9.0.37]
2020-12-24 02:26:42.112 [main] INFO  o.a.c.core.ContainerBase.[Tomcat].[localhost].[/] - Initializing Spring embedded WebApplicationContext
2020-12-24 02:26:42.113 [main] INFO  o.s.b.w.s.c.ServletWebServerApplicationContext - Root WebApplicationContext: initialization completed in 4460 ms
2020-12-24 02:26:42.819 [main] INFO  c.a.s.b.f.a.ConfigurationBeanBindingPostProcessor - The configuration bean [<dubbo:application name="aftersale-service" qosEnable="false" hostname="NULL0X73-FX63VM" />] have been binding by the configuration properties [{name=aftersale-service, qos-enable=false}]
2020-12-24 02:26:42.843 [main] INFO  c.a.s.b.f.a.ConfigurationBeanBindingPostProcessor - The configuration bean [<dubbo:registry address="nacos://47.115.162.144:8847" port="8847" protocol="nacos" />] have been binding by the configuration properties [{address=nacos://47.115.162.144:8847}]
2020-12-24 02:26:42.856 [main] INFO  c.a.s.b.f.a.ConfigurationBeanBindingPostProcessor - The configuration bean [<dubbo:protocol name="dubbo" port="28091" />] have been binding by the configuration properties [{name=dubbo, port=28091}]
2020-12-24 02:26:42.876 [main] INFO  c.a.s.b.f.a.ConfigurationBeanBindingPostProcessor - The configuration bean [<dubbo:consumer />] have been binding by the configuration properties [{check=false}]
2020-12-24 02:26:42.884 [main] INFO  o.a.d.c.s.b.f.annotation.ReferenceBeanBuilder - The configBean[type:ReferenceBean] has been built.
2020-12-24 02:26:44.984 [main] INFO  o.a.d.c.s.b.f.annotation.ReferenceBeanBuilder - The configBean[type:ReferenceBean] has been built.
2020-12-24 02:26:46.067 [main] INFO  c.a.d.s.b.a.DruidDataSourceAutoConfigure - Init DruidDataSource
2020-12-24 02:26:46.901 [main] INFO  com.alibaba.druid.pool.DruidDataSource - {dataSource-1} inited
2020-12-24 02:26:47.746 [main] INFO  o.s.scheduling.concurrent.ThreadPoolTaskExecutor - Initializing ExecutorService 'applicationTaskExecutor'
2020-12-24 02:26:48.977 [main] INFO  org.apache.coyote.http11.Http11NioProtocol - Starting ProtocolHandler ["http-nio-8084"]
2020-12-24 02:26:49.025 [main] INFO  o.s.boot.web.embedded.tomcat.TomcatWebServer - Tomcat started on port(s): 8084 (http) with context path ''
2020-12-24 02:26:49.043 [main] INFO  cn.edu.xmu.other.AftersaleApplication - Started AftersaleApplication in 12.329 seconds (JVM running for 13.71)
2020-12-24 02:37:08.360 [main] INFO  o.a.d.s.b.c.event.WelcomeLogoApplicationListener - 

 :: Dubbo Spring Boot (v2.7.8) : https://github.com/apache/dubbo-spring-boot-project
 :: Dubbo (v2.7.8) : https://github.com/apache/dubbo
 :: Discuss group : dev@dubbo.apache.org

2020-12-24 02:37:08.367 [main] INFO  o.a.d.s.b.c.e.OverrideDubboConfigApplicationListener - Dubbo Config was overridden by externalized configuration {dubbo.application.name=aftersale-service, dubbo.application.qos-enable=false, dubbo.config.multiple=true, dubbo.consumer.check=true, dubbo.protocol.name=dubbo, dubbo.protocol.port=28091, dubbo.registry.address=nacos://47.115.162.144:8847, dubbo.scan.base-packages=cn.edu.xmu.goods.service}
2020-12-24 02:37:08.421 [background-preinit] INFO  org.hibernate.validator.internal.util.Version - HV000001: Hibernate Validator 6.1.5.Final
2020-12-24 02:37:08.471 [main] INFO  cn.edu.xmu.other.AftersaleApplication - Starting AftersaleApplication on NULL0X73-FX63VM with PID 16068 (C:\Users\ADMIN\Desktop\^CODE\oomall\aftersale\target\classes started by ADMIN in C:\Users\ADMIN\Desktop\^CODE\oomall\aftersale)
2020-12-24 02:37:08.471 [main] INFO  cn.edu.xmu.other.AftersaleApplication - No active profile set, falling back to default profiles: default
2020-12-24 02:37:09.169 [main] INFO  com.alibaba.spring.util.BeanRegistrar - The Infrastructure bean definition [Root bean: class [org.apache.dubbo.config.spring.beans.factory.annotation.ReferenceAnnotationBeanPostProcessor]; scope=; abstract=false; lazyInit=null; autowireMode=0; dependencyCheck=0; autowireCandidate=true; primary=false; factoryBeanName=null; factoryMethodName=null; initMethodName=null; destroyMethodName=nullwith name [referenceAnnotationBeanPostProcessor] has been registered.
2020-12-24 02:37:09.170 [main] INFO  com.alibaba.spring.util.BeanRegistrar - The Infrastructure bean definition [Root bean: class [org.apache.dubbo.config.spring.beans.factory.annotation.DubboConfigAliasPostProcessor]; scope=; abstract=false; lazyInit=null; autowireMode=0; dependencyCheck=0; autowireCandidate=true; primary=false; factoryBeanName=null; factoryMethodName=null; initMethodName=null; destroyMethodName=nullwith name [dubboConfigAliasPostProcessor] has been registered.
2020-12-24 02:37:09.171 [main] INFO  com.alibaba.spring.util.BeanRegistrar - The Infrastructure bean definition [Root bean: class [org.apache.dubbo.config.spring.context.DubboLifecycleComponentApplicationListener]; scope=; abstract=false; lazyInit=null; autowireMode=0; dependencyCheck=0; autowireCandidate=true; primary=false; factoryBeanName=null; factoryMethodName=null; initMethodName=null; destroyMethodName=nullwith name [dubboLifecycleComponentApplicationListener] has been registered.
2020-12-24 02:37:09.171 [main] INFO  com.alibaba.spring.util.BeanRegistrar - The Infrastructure bean definition [Root bean: class [org.apache.dubbo.config.spring.context.DubboBootstrapApplicationListener]; scope=; abstract=false; lazyInit=null; autowireMode=0; dependencyCheck=0; autowireCandidate=true; primary=false; factoryBeanName=null; factoryMethodName=null; initMethodName=null; destroyMethodName=nullwith name [dubboBootstrapApplicationListener] has been registered.
2020-12-24 02:37:09.172 [main] INFO  com.alibaba.spring.util.BeanRegistrar - The Infrastructure bean definition [Root bean: class [org.apache.dubbo.config.spring.beans.factory.config.DubboConfigDefaultPropertyValueBeanPostProcessor]; scope=; abstract=false; lazyInit=null; autowireMode=0; dependencyCheck=0; autowireCandidate=true; primary=false; factoryBeanName=null; factoryMethodName=null; initMethodName=null; destroyMethodName=nullwith name [dubboConfigDefaultPropertyValueBeanPostProcessor] has been registered.
2020-12-24 02:37:09.206 [main] INFO  o.s.d.r.config.RepositoryConfigurationDelegate - Multiple Spring Data modules found, entering strict repository configuration mode!
2020-12-24 02:37:09.208 [main] INFO  o.s.d.r.config.RepositoryConfigurationDelegate - Bootstrapping Spring Data Redis repositories in DEFAULT mode.
2020-12-24 02:37:09.235 [main] INFO  o.s.d.r.config.RepositoryConfigurationDelegate - Finished Spring Data repository scanning in 16ms. Found 0 Redis repository interfaces.
2020-12-24 02:37:09.321 [main] INFO  c.a.s.b.f.a.ConfigurationBeanBindingRegistrar - The configuration bean definition [name : org.apache.dubbo.config.ApplicationConfig#0, content : Root bean: class [org.apache.dubbo.config.ApplicationConfig]; scope=; abstract=false; lazyInit=null; autowireMode=0; dependencyCheck=0; autowireCandidate=true; primary=false; factoryBeanName=null; factoryMethodName=null; initMethodName=null; destroyMethodName=null] has been registered.
2020-12-24 02:37:09.321 [main] INFO  com.alibaba.spring.util.BeanRegistrar - The Infrastructure bean definition [Root bean: class [com.alibaba.spring.beans.factory.annotation.ConfigurationBeanBindingPostProcessor]; scope=; abstract=false; lazyInit=null; autowireMode=0; dependencyCheck=0; autowireCandidate=true; primary=false; factoryBeanName=null; factoryMethodName=null; initMethodName=null; destroyMethodName=nullwith name [configurationBeanBindingPostProcessor] has been registered.
2020-12-24 02:37:09.321 [main] INFO  c.a.s.b.f.a.ConfigurationBeanBindingRegistrar - The configuration bean definition [name : org.apache.dubbo.config.RegistryConfig#0, content : Root bean: class [org.apache.dubbo.config.RegistryConfig]; scope=; abstract=false; lazyInit=null; autowireMode=0; dependencyCheck=0; autowireCandidate=true; primary=false; factoryBeanName=null; factoryMethodName=null; initMethodName=null; destroyMethodName=null] has been registered.
2020-12-24 02:37:09.322 [main] INFO  c.a.s.b.f.a.ConfigurationBeanBindingRegistrar - The configuration bean definition [name : org.apache.dubbo.config.ProtocolConfig#0, content : Root bean: class [org.apache.dubbo.config.ProtocolConfig]; scope=; abstract=false; lazyInit=null; autowireMode=0; dependencyCheck=0; autowireCandidate=true; primary=false; factoryBeanName=null; factoryMethodName=null; initMethodName=null; destroyMethodName=null] has been registered.
2020-12-24 02:37:09.322 [main] INFO  c.a.s.b.f.a.ConfigurationBeanBindingRegistrar - The configuration bean definition [name : org.apache.dubbo.config.ConsumerConfig#0, content : Root bean: class [org.apache.dubbo.config.ConsumerConfig]; scope=; abstract=false; lazyInit=null; autowireMode=0; dependencyCheck=0; autowireCandidate=true; primary=false; factoryBeanName=null; factoryMethodName=null; initMethodName=null; destroyMethodName=null] has been registered.
2020-12-24 02:37:09.426 [main] INFO  com.alibaba.spring.util.BeanRegistrar - The Infrastructure bean definition [Root bean: class [org.apache.dubbo.config.spring.context.DubboBootstrapApplicationListener]; scope=; abstract=false; lazyInit=null; autowireMode=0; dependencyCheck=0; autowireCandidate=true; primary=false; factoryBeanName=null; factoryMethodName=null; initMethodName=null; destroyMethodName=nullwith name [dubboBootstrapApplicationListener] has been registered.
2020-12-24 02:37:09.688 [main] INFO  o.s.c.annotation.ConfigurationClassPostProcessor - Cannot enhance @Configuration bean definition 'org.apache.dubbo.spring.boot.autoconfigure.DubboRelaxedBinding2AutoConfiguration' since its singleton instance has been created too early. The typical cause is a non-static @Bean method with a BeanDefinitionRegistryPostProcessor return type: Consider declaring such methods as 'static'.
2020-12-24 02:37:09.689 [main] INFO  o.s.c.annotation.ConfigurationClassPostProcessor - Cannot enhance @Configuration bean definition 'org.apache.dubbo.spring.boot.autoconfigure.DubboAutoConfiguration' since its singleton instance has been created too early. The typical cause is a non-static @Bean method with a BeanDefinitionRegistryPostProcessor return type: Consider declaring such methods as 'static'.
2020-12-24 02:37:10.460 [main] INFO  o.s.boot.web.embedded.tomcat.TomcatWebServer - Tomcat initialized with port(s): 8084 (http)
2020-12-24 02:37:10.472 [main] INFO  org.apache.coyote.http11.Http11NioProtocol - Initializing ProtocolHandler ["http-nio-8084"]
2020-12-24 02:37:10.473 [main] INFO  org.apache.catalina.core.StandardService - Starting service [Tomcat]
2020-12-24 02:37:10.473 [main] INFO  org.apache.catalina.core.StandardEngine - Starting Servlet engine: [Apache Tomcat/9.0.37]
2020-12-24 02:37:10.611 [main] INFO  o.a.c.core.ContainerBase.[Tomcat].[localhost].[/] - Initializing Spring embedded WebApplicationContext
2020-12-24 02:37:10.611 [main] INFO  o.s.b.w.s.c.ServletWebServerApplicationContext - Root WebApplicationContext: initialization completed in 2104 ms
2020-12-24 02:37:10.916 [main] INFO  c.a.s.b.f.a.ConfigurationBeanBindingPostProcessor - The configuration bean [<dubbo:application name="aftersale-service" qosEnable="false" hostname="NULL0X73-FX63VM" />] have been binding by the configuration properties [{name=aftersale-service, qos-enable=false}]
2020-12-24 02:37:10.928 [main] INFO  c.a.s.b.f.a.ConfigurationBeanBindingPostProcessor - The configuration bean [<dubbo:registry address="nacos://47.115.162.144:8847" port="8847" protocol="nacos" />] have been binding by the configuration properties [{address=nacos://47.115.162.144:8847}]
2020-12-24 02:37:10.936 [main] INFO  c.a.s.b.f.a.ConfigurationBeanBindingPostProcessor - The configuration bean [<dubbo:protocol name="dubbo" port="28091" />] have been binding by the configuration properties [{name=dubbo, port=28091}]
2020-12-24 02:37:10.947 [main] INFO  c.a.s.b.f.a.ConfigurationBeanBindingPostProcessor - The configuration bean [<dubbo:consumer />] have been binding by the configuration properties [{check=true}]
2020-12-24 02:37:10.952 [main] INFO  o.a.d.c.s.b.f.annotation.ReferenceBeanBuilder - The configBean[type:ReferenceBean] has been built.
2020-12-24 02:37:13.048 [main] WARN  o.s.b.w.s.c.AnnotationConfigServletWebServerApplicationContext - Exception encountered during context initialization - cancelling refresh attempt: org.springframework.beans.factory.UnsatisfiedDependencyException: Error creating bean with name 'afterSaleController': Unsatisfied dependency expressed through field 'afterSaleService'; nested exception is org.springframework.beans.factory.UnsatisfiedDependencyException: Error creating bean with name 'afterSaleService': Unsatisfied dependency expressed through field 'afterSaleServicePoDao'; nested exception is org.springframework.beans.factory.BeanCreationException: Error creating bean with name 'afterSaleServicePoDao': Injection of @DubboReference dependencies is failed; nested exception is java.lang.IllegalStateException: Failed to check the status of the service cn.edu.xmu.oomall.order.service.IOrderService. No provider available for the service cn.edu.xmu.oomall.order.service.IOrderService:0.0.1-SNAPSHOT from the url nacos://47.115.162.144:8847/org.apache.dubbo.registry.RegistryService?application=aftersale-service&check=true&dubbo=2.0.2&init=false&interface=cn.edu.xmu.oomall.order.service.IOrderService&metadata-type=remote&methods=listUserSelectOrderItemIdBySkuList,putPresaleOffshevles,getShopSelectOrderInfoByList,getUserSelectOrderInfoByList,listAdminSelectOrderItemIdBySkuList,findShopIdbyOrderId,putGrouponOffshelves,getAdminHandleExchange,splitOrders,getUserSelectSOrderInfo,getShopSelectOrderInfo,getOrderIdByOrderItemId,isOrderBelongToShop,grouponEnd,findUserIdbyOrderId,findOrderIdbyOrderItemId&pid=16068&qos.enable=false&register.ip=192.168.43.174&release=2.7.8&revision=0.0.1-SNAPSHOT&side=consumer&sticky=false&timestamp=1608748631337&version=0.0.1-SNAPSHOT to the consumer 192.168.43.174 use dubbo version 2.7.8
2020-12-24 02:37:13.050 [main] INFO  o.a.d.c.s.b.f.a.ReferenceAnnotationBeanPostProcessor - class org.apache.dubbo.config.spring.beans.factory.annotation.ReferenceAnnotationBeanPostProcessor was destroying!
2020-12-24 02:37:13.055 [main] INFO  org.apache.catalina.core.StandardService - Stopping service [Tomcat]
2020-12-24 02:37:13.144 [main] INFO  o.s.b.a.l.ConditionEvaluationReportLoggingListener - 

Error starting ApplicationContext. To display the conditions report re-run your application with 'debug' enabled.
2020-12-24 02:37:13.151 [main] ERROR org.springframework.boot.SpringApplication - Application run failed
org.springframework.beans.factory.UnsatisfiedDependencyException: Error creating bean with name 'afterSaleController': Unsatisfied dependency expressed through field 'afterSaleService'; nested exception is org.springframework.beans.factory.UnsatisfiedDependencyException: Error creating bean with name 'afterSaleService': Unsatisfied dependency expressed through field 'afterSaleServicePoDao'; nested exception is org.springframework.beans.factory.BeanCreationException: Error creating bean with name 'afterSaleServicePoDao': Injection of @DubboReference dependencies is failed; nested exception is java.lang.IllegalStateException: Failed to check the status of the service cn.edu.xmu.oomall.order.service.IOrderService. No provider available for the service cn.edu.xmu.oomall.order.service.IOrderService:0.0.1-SNAPSHOT from the url nacos://47.115.162.144:8847/org.apache.dubbo.registry.RegistryService?application=aftersale-service&check=true&dubbo=2.0.2&init=false&interface=cn.edu.xmu.oomall.order.service.IOrderService&metadata-type=remote&methods=listUserSelectOrderItemIdBySkuList,putPresaleOffshevles,getShopSelectOrderInfoByList,getUserSelectOrderInfoByList,listAdminSelectOrderItemIdBySkuList,findShopIdbyOrderId,putGrouponOffshelves,getAdminHandleExchange,splitOrders,getUserSelectSOrderInfo,getShopSelectOrderInfo,getOrderIdByOrderItemId,isOrderBelongToShop,grouponEnd,findUserIdbyOrderId,findOrderIdbyOrderItemId&pid=16068&qos.enable=false&register.ip=192.168.43.174&release=2.7.8&revision=0.0.1-SNAPSHOT&side=consumer&sticky=false&timestamp=1608748631337&version=0.0.1-SNAPSHOT to the consumer 192.168.43.174 use dubbo version 2.7.8
	at org.springframework.beans.factory.annotation.AutowiredAnnotationBeanPostProcessor$AutowiredFieldElement.inject(AutowiredAnnotationBeanPostProcessor.java:643)
	at org.springframework.beans.factory.annotation.InjectionMetadata.inject(InjectionMetadata.java:130)
	at org.springframework.beans.factory.annotation.AutowiredAnnotationBeanPostProcessor.postProcessProperties(AutowiredAnnotationBeanPostProcessor.java:399)
	at org.springframework.beans.factory.support.AbstractAutowireCapableBeanFactory.populateBean(AbstractAutowireCapableBeanFactory.java:1420)
	at org.springframework.beans.factory.support.AbstractAutowireCapableBeanFactory.doCreateBean(AbstractAutowireCapableBeanFactory.java:593)
	at org.springframework.beans.factory.support.AbstractAutowireCapableBeanFactory.createBean(AbstractAutowireCapableBeanFactory.java:516)
	at org.springframework.beans.factory.support.AbstractBeanFactory.lambda$doGetBean$0(AbstractBeanFactory.java:324)
	at org.springframework.beans.factory.support.DefaultSingletonBeanRegistry.getSingleton(DefaultSingletonBeanRegistry.java:226)
	at org.springframework.beans.factory.support.AbstractBeanFactory.doGetBean(AbstractBeanFactory.java:322)
	at org.springframework.beans.factory.support.AbstractBeanFactory.getBean(AbstractBeanFactory.java:202)
	at org.springframework.beans.factory.support.DefaultListableBeanFactory.preInstantiateSingletons(DefaultListableBeanFactory.java:897)
	at org.springframework.context.support.AbstractApplicationContext.finishBeanFactoryInitialization(AbstractApplicationContext.java:879)
	at org.springframework.context.support.AbstractApplicationContext.refresh(AbstractApplicationContext.java:551)
	at org.springframework.boot.web.servlet.context.ServletWebServerApplicationContext.refresh(ServletWebServerApplicationContext.java:143)
	at org.springframework.boot.SpringApplication.refresh(SpringApplication.java:758)
	at org.springframework.boot.SpringApplication.refresh(SpringApplication.java:750)
	at org.springframework.boot.SpringApplication.refreshContext(SpringApplication.java:397)
	at org.springframework.boot.SpringApplication.run(SpringApplication.java:315)
	at org.springframework.boot.SpringApplication.run(SpringApplication.java:1237)
	at org.springframework.boot.SpringApplication.run(SpringApplication.java:1226)
	at cn.edu.xmu.other.AftersaleApplication.main(AftersaleApplication.java:11)
Caused by: org.springframework.beans.factory.UnsatisfiedDependencyException: Error creating bean with name 'afterSaleService': Unsatisfied dependency expressed through field 'afterSaleServicePoDao'; nested exception is org.springframework.beans.factory.BeanCreationException: Error creating bean with name 'afterSaleServicePoDao': Injection of @DubboReference dependencies is failed; nested exception is java.lang.IllegalStateException: Failed to check the status of the service cn.edu.xmu.oomall.order.service.IOrderService. No provider available for the service cn.edu.xmu.oomall.order.service.IOrderService:0.0.1-SNAPSHOT from the url nacos://47.115.162.144:8847/org.apache.dubbo.registry.RegistryService?application=aftersale-service&check=true&dubbo=2.0.2&init=false&interface=cn.edu.xmu.oomall.order.service.IOrderService&metadata-type=remote&methods=listUserSelectOrderItemIdBySkuList,putPresaleOffshevles,getShopSelectOrderInfoByList,getUserSelectOrderInfoByList,listAdminSelectOrderItemIdBySkuList,findShopIdbyOrderId,putGrouponOffshelves,getAdminHandleExchange,splitOrders,getUserSelectSOrderInfo,getShopSelectOrderInfo,getOrderIdByOrderItemId,isOrderBelongToShop,grouponEnd,findUserIdbyOrderId,findOrderIdbyOrderItemId&pid=16068&qos.enable=false&register.ip=192.168.43.174&release=2.7.8&revision=0.0.1-SNAPSHOT&side=consumer&sticky=false&timestamp=1608748631337&version=0.0.1-SNAPSHOT to the consumer 192.168.43.174 use dubbo version 2.7.8
	at org.springframework.beans.factory.annotation.AutowiredAnnotationBeanPostProcessor$AutowiredFieldElement.inject(AutowiredAnnotationBeanPostProcessor.java:643)
	at org.springframework.beans.factory.annotation.InjectionMetadata.inject(InjectionMetadata.java:130)
	at org.springframework.beans.factory.annotation.AutowiredAnnotationBeanPostProcessor.postProcessProperties(AutowiredAnnotationBeanPostProcessor.java:399)
	at org.springframework.beans.factory.support.AbstractAutowireCapableBeanFactory.populateBean(AbstractAutowireCapableBeanFactory.java:1420)
	at org.springframework.beans.factory.support.AbstractAutowireCapableBeanFactory.doCreateBean(AbstractAutowireCapableBeanFactory.java:593)
	at org.springframework.beans.factory.support.AbstractAutowireCapableBeanFactory.createBean(AbstractAutowireCapableBeanFactory.java:516)
	at org.springframework.beans.factory.support.AbstractBeanFactory.lambda$doGetBean$0(AbstractBeanFactory.java:324)
	at org.springframework.beans.factory.support.DefaultSingletonBeanRegistry.getSingleton(DefaultSingletonBeanRegistry.java:226)
	at org.springframework.beans.factory.support.AbstractBeanFactory.doGetBean(AbstractBeanFactory.java:322)
	at org.springframework.beans.factory.support.AbstractBeanFactory.getBean(AbstractBeanFactory.java:202)
	at org.springframework.beans.factory.config.DependencyDescriptor.resolveCandidate(DependencyDescriptor.java:276)
	at org.springframework.beans.factory.support.DefaultListableBeanFactory.doResolveDependency(DefaultListableBeanFactory.java:1307)
	at org.springframework.beans.factory.support.DefaultListableBeanFactory.resolveDependency(DefaultListableBeanFactory.java:1227)
	at org.springframework.beans.factory.annotation.AutowiredAnnotationBeanPostProcessor$AutowiredFieldElement.inject(AutowiredAnnotationBeanPostProcessor.java:640)
	... 20 common frames omitted
Caused by: org.springframework.beans.factory.BeanCreationException: Error creating bean with name 'afterSaleServicePoDao': Injection of @DubboReference dependencies is failed; nested exception is java.lang.IllegalStateException: Failed to check the status of the service cn.edu.xmu.oomall.order.service.IOrderService. No provider available for the service cn.edu.xmu.oomall.order.service.IOrderService:0.0.1-SNAPSHOT from the url nacos://47.115.162.144:8847/org.apache.dubbo.registry.RegistryService?application=aftersale-service&check=true&dubbo=2.0.2&init=false&interface=cn.edu.xmu.oomall.order.service.IOrderService&metadata-type=remote&methods=listUserSelectOrderItemIdBySkuList,putPresaleOffshevles,getShopSelectOrderInfoByList,getUserSelectOrderInfoByList,listAdminSelectOrderItemIdBySkuList,findShopIdbyOrderId,putGrouponOffshelves,getAdminHandleExchange,splitOrders,getUserSelectSOrderInfo,getShopSelectOrderInfo,getOrderIdByOrderItemId,isOrderBelongToShop,grouponEnd,findUserIdbyOrderId,findOrderIdbyOrderItemId&pid=16068&qos.enable=false&register.ip=192.168.43.174&release=2.7.8&revision=0.0.1-SNAPSHOT&side=consumer&sticky=false&timestamp=1608748631337&version=0.0.1-SNAPSHOT to the consumer 192.168.43.174 use dubbo version 2.7.8
	at com.alibaba.spring.beans.factory.annotation.AbstractAnnotationBeanPostProcessor.postProcessPropertyValues(AbstractAnnotationBeanPostProcessor.java:146)
	at org.springframework.beans.factory.support.AbstractAutowireCapableBeanFactory.populateBean(AbstractAutowireCapableBeanFactory.java:1425)
	at org.springframework.beans.factory.support.AbstractAutowireCapableBeanFactory.doCreateBean(AbstractAutowireCapableBeanFactory.java:593)
	at org.springframework.beans.factory.support.AbstractAutowireCapableBeanFactory.createBean(AbstractAutowireCapableBeanFactory.java:516)
	at org.springframework.beans.factory.support.AbstractBeanFactory.lambda$doGetBean$0(AbstractBeanFactory.java:324)
	at org.springframework.beans.factory.support.DefaultSingletonBeanRegistry.getSingleton(DefaultSingletonBeanRegistry.java:226)
	at org.springframework.beans.factory.support.AbstractBeanFactory.doGetBean(AbstractBeanFactory.java:322)
	at org.springframework.beans.factory.support.AbstractBeanFactory.getBean(AbstractBeanFactory.java:202)
	at org.springframework.beans.factory.config.DependencyDescriptor.resolveCandidate(DependencyDescriptor.java:276)
	at org.springframework.beans.factory.support.DefaultListableBeanFactory.doResolveDependency(DefaultListableBeanFactory.java:1307)
	at org.springframework.beans.factory.support.DefaultListableBeanFactory.resolveDependency(DefaultListableBeanFactory.java:1227)
	at org.springframework.beans.factory.annotation.AutowiredAnnotationBeanPostProcessor$AutowiredFieldElement.inject(AutowiredAnnotationBeanPostProcessor.java:640)
	... 33 common frames omitted
Caused by: java.lang.IllegalStateException: Failed to check the status of the service cn.edu.xmu.oomall.order.service.IOrderService. No provider available for the service cn.edu.xmu.oomall.order.service.IOrderService:0.0.1-SNAPSHOT from the url nacos://47.115.162.144:8847/org.apache.dubbo.registry.RegistryService?application=aftersale-service&check=true&dubbo=2.0.2&init=false&interface=cn.edu.xmu.oomall.order.service.IOrderService&metadata-type=remote&methods=listUserSelectOrderItemIdBySkuList,putPresaleOffshevles,getShopSelectOrderInfoByList,getUserSelectOrderInfoByList,listAdminSelectOrderItemIdBySkuList,findShopIdbyOrderId,putGrouponOffshelves,getAdminHandleExchange,splitOrders,getUserSelectSOrderInfo,getShopSelectOrderInfo,getOrderIdByOrderItemId,isOrderBelongToShop,grouponEnd,findUserIdbyOrderId,findOrderIdbyOrderItemId&pid=16068&qos.enable=false&register.ip=192.168.43.174&release=2.7.8&revision=0.0.1-SNAPSHOT&side=consumer&sticky=false&timestamp=1608748631337&version=0.0.1-SNAPSHOT to the consumer 192.168.43.174 use dubbo version 2.7.8
	at org.apache.dubbo.config.ReferenceConfig.checkInvokerAvailable(ReferenceConfig.java:420)
	at org.apache.dubbo.config.ReferenceConfig.init(ReferenceConfig.java:315)
	at org.apache.dubbo.config.ReferenceConfig.get(ReferenceConfig.java:205)
	at org.apache.dubbo.config.spring.beans.factory.annotation.ReferenceAnnotationBeanPostProcessor.doGetInjectedBean(ReferenceAnnotationBeanPostProcessor.java:144)
	at com.alibaba.spring.beans.factory.annotation.AbstractAnnotationBeanPostProcessor.getInjectedObject(AbstractAnnotationBeanPostProcessor.java:359)
	at com.alibaba.spring.beans.factory.annotation.AbstractAnnotationBeanPostProcessor$AnnotatedFieldElement.inject(AbstractAnnotationBeanPostProcessor.java:539)
	at org.springframework.beans.factory.annotation.InjectionMetadata.inject(InjectionMetadata.java:130)
	at com.alibaba.spring.beans.factory.annotation.AbstractAnnotationBeanPostProcessor.postProcessPropertyValues(AbstractAnnotationBeanPostProcessor.java:142)
	... 44 common frames omitted
2020-12-24 02:39:03.042 [main] INFO  o.a.d.s.b.c.event.WelcomeLogoApplicationListener - 

 :: Dubbo Spring Boot (v2.7.8) : https://github.com/apache/dubbo-spring-boot-project
 :: Dubbo (v2.7.8) : https://github.com/apache/dubbo
 :: Discuss group : dev@dubbo.apache.org

2020-12-24 02:39:03.049 [main] INFO  o.a.d.s.b.c.e.OverrideDubboConfigApplicationListener - Dubbo Config was overridden by externalized configuration {dubbo.application.name=aftersale-service, dubbo.application.qos-enable=false, dubbo.config.multiple=true, dubbo.consumer.check=true, dubbo.protocol.name=dubbo, dubbo.protocol.port=28091, dubbo.registry.address=nacos://47.115.162.144:8847, dubbo.scan.base-packages=cn.edu.xmu.goods.service}
2020-12-24 02:39:03.106 [background-preinit] INFO  org.hibernate.validator.internal.util.Version - HV000001: Hibernate Validator 6.1.5.Final
2020-12-24 02:39:03.153 [main] INFO  cn.edu.xmu.other.AftersaleApplication - Starting AftersaleApplication on NULL0X73-FX63VM with PID 9688 (C:\Users\ADMIN\Desktop\^CODE\oomall\aftersale\target\classes started by ADMIN in C:\Users\ADMIN\Desktop\^CODE\oomall\aftersale)
2020-12-24 02:39:03.154 [main] INFO  cn.edu.xmu.other.AftersaleApplication - No active profile set, falling back to default profiles: default
2020-12-24 02:39:03.849 [main] INFO  com.alibaba.spring.util.BeanRegistrar - The Infrastructure bean definition [Root bean: class [org.apache.dubbo.config.spring.beans.factory.annotation.ReferenceAnnotationBeanPostProcessor]; scope=; abstract=false; lazyInit=null; autowireMode=0; dependencyCheck=0; autowireCandidate=true; primary=false; factoryBeanName=null; factoryMethodName=null; initMethodName=null; destroyMethodName=nullwith name [referenceAnnotationBeanPostProcessor] has been registered.
2020-12-24 02:39:03.850 [main] INFO  com.alibaba.spring.util.BeanRegistrar - The Infrastructure bean definition [Root bean: class [org.apache.dubbo.config.spring.beans.factory.annotation.DubboConfigAliasPostProcessor]; scope=; abstract=false; lazyInit=null; autowireMode=0; dependencyCheck=0; autowireCandidate=true; primary=false; factoryBeanName=null; factoryMethodName=null; initMethodName=null; destroyMethodName=nullwith name [dubboConfigAliasPostProcessor] has been registered.
2020-12-24 02:39:03.850 [main] INFO  com.alibaba.spring.util.BeanRegistrar - The Infrastructure bean definition [Root bean: class [org.apache.dubbo.config.spring.context.DubboLifecycleComponentApplicationListener]; scope=; abstract=false; lazyInit=null; autowireMode=0; dependencyCheck=0; autowireCandidate=true; primary=false; factoryBeanName=null; factoryMethodName=null; initMethodName=null; destroyMethodName=nullwith name [dubboLifecycleComponentApplicationListener] has been registered.
2020-12-24 02:39:03.851 [main] INFO  com.alibaba.spring.util.BeanRegistrar - The Infrastructure bean definition [Root bean: class [org.apache.dubbo.config.spring.context.DubboBootstrapApplicationListener]; scope=; abstract=false; lazyInit=null; autowireMode=0; dependencyCheck=0; autowireCandidate=true; primary=false; factoryBeanName=null; factoryMethodName=null; initMethodName=null; destroyMethodName=nullwith name [dubboBootstrapApplicationListener] has been registered.
2020-12-24 02:39:03.851 [main] INFO  com.alibaba.spring.util.BeanRegistrar - The Infrastructure bean definition [Root bean: class [org.apache.dubbo.config.spring.beans.factory.config.DubboConfigDefaultPropertyValueBeanPostProcessor]; scope=; abstract=false; lazyInit=null; autowireMode=0; dependencyCheck=0; autowireCandidate=true; primary=false; factoryBeanName=null; factoryMethodName=null; initMethodName=null; destroyMethodName=nullwith name [dubboConfigDefaultPropertyValueBeanPostProcessor] has been registered.
2020-12-24 02:39:03.886 [main] INFO  o.s.d.r.config.RepositoryConfigurationDelegate - Multiple Spring Data modules found, entering strict repository configuration mode!
2020-12-24 02:39:03.888 [main] INFO  o.s.d.r.config.RepositoryConfigurationDelegate - Bootstrapping Spring Data Redis repositories in DEFAULT mode.
2020-12-24 02:39:03.917 [main] INFO  o.s.d.r.config.RepositoryConfigurationDelegate - Finished Spring Data repository scanning in 16ms. Found 0 Redis repository interfaces.
2020-12-24 02:39:04.004 [main] INFO  c.a.s.b.f.a.ConfigurationBeanBindingRegistrar - The configuration bean definition [name : org.apache.dubbo.config.ApplicationConfig#0, content : Root bean: class [org.apache.dubbo.config.ApplicationConfig]; scope=; abstract=false; lazyInit=null; autowireMode=0; dependencyCheck=0; autowireCandidate=true; primary=false; factoryBeanName=null; factoryMethodName=null; initMethodName=null; destroyMethodName=null] has been registered.
2020-12-24 02:39:04.004 [main] INFO  com.alibaba.spring.util.BeanRegistrar - The Infrastructure bean definition [Root bean: class [com.alibaba.spring.beans.factory.annotation.ConfigurationBeanBindingPostProcessor]; scope=; abstract=false; lazyInit=null; autowireMode=0; dependencyCheck=0; autowireCandidate=true; primary=false; factoryBeanName=null; factoryMethodName=null; initMethodName=null; destroyMethodName=nullwith name [configurationBeanBindingPostProcessor] has been registered.
2020-12-24 02:39:04.004 [main] INFO  c.a.s.b.f.a.ConfigurationBeanBindingRegistrar - The configuration bean definition [name : org.apache.dubbo.config.RegistryConfig#0, content : Root bean: class [org.apache.dubbo.config.RegistryConfig]; scope=; abstract=false; lazyInit=null; autowireMode=0; dependencyCheck=0; autowireCandidate=true; primary=false; factoryBeanName=null; factoryMethodName=null; initMethodName=null; destroyMethodName=null] has been registered.
2020-12-24 02:39:04.004 [main] INFO  c.a.s.b.f.a.ConfigurationBeanBindingRegistrar - The configuration bean definition [name : org.apache.dubbo.config.ProtocolConfig#0, content : Root bean: class [org.apache.dubbo.config.ProtocolConfig]; scope=; abstract=false; lazyInit=null; autowireMode=0; dependencyCheck=0; autowireCandidate=true; primary=false; factoryBeanName=null; factoryMethodName=null; initMethodName=null; destroyMethodName=null] has been registered.
2020-12-24 02:39:04.005 [main] INFO  c.a.s.b.f.a.ConfigurationBeanBindingRegistrar - The configuration bean definition [name : org.apache.dubbo.config.ConsumerConfig#0, content : Root bean: class [org.apache.dubbo.config.ConsumerConfig]; scope=; abstract=false; lazyInit=null; autowireMode=0; dependencyCheck=0; autowireCandidate=true; primary=false; factoryBeanName=null; factoryMethodName=null; initMethodName=null; destroyMethodName=null] has been registered.
2020-12-24 02:39:04.109 [main] INFO  com.alibaba.spring.util.BeanRegistrar - The Infrastructure bean definition [Root bean: class [org.apache.dubbo.config.spring.context.DubboBootstrapApplicationListener]; scope=; abstract=false; lazyInit=null; autowireMode=0; dependencyCheck=0; autowireCandidate=true; primary=false; factoryBeanName=null; factoryMethodName=null; initMethodName=null; destroyMethodName=nullwith name [dubboBootstrapApplicationListener] has been registered.
2020-12-24 02:39:04.382 [main] INFO  o.s.c.annotation.ConfigurationClassPostProcessor - Cannot enhance @Configuration bean definition 'org.apache.dubbo.spring.boot.autoconfigure.DubboRelaxedBinding2AutoConfiguration' since its singleton instance has been created too early. The typical cause is a non-static @Bean method with a BeanDefinitionRegistryPostProcessor return type: Consider declaring such methods as 'static'.
2020-12-24 02:39:04.382 [main] INFO  o.s.c.annotation.ConfigurationClassPostProcessor - Cannot enhance @Configuration bean definition 'org.apache.dubbo.spring.boot.autoconfigure.DubboAutoConfiguration' since its singleton instance has been created too early. The typical cause is a non-static @Bean method with a BeanDefinitionRegistryPostProcessor return type: Consider declaring such methods as 'static'.
2020-12-24 02:39:05.198 [main] INFO  o.s.boot.web.embedded.tomcat.TomcatWebServer - Tomcat initialized with port(s): 8084 (http)
2020-12-24 02:39:05.209 [main] INFO  org.apache.coyote.http11.Http11NioProtocol - Initializing ProtocolHandler ["http-nio-8084"]
2020-12-24 02:39:05.210 [main] INFO  org.apache.catalina.core.StandardService - Starting service [Tomcat]
2020-12-24 02:39:05.210 [main] INFO  org.apache.catalina.core.StandardEngine - Starting Servlet engine: [Apache Tomcat/9.0.37]
2020-12-24 02:39:05.342 [main] INFO  o.a.c.core.ContainerBase.[Tomcat].[localhost].[/] - Initializing Spring embedded WebApplicationContext
2020-12-24 02:39:05.342 [main] INFO  o.s.b.w.s.c.ServletWebServerApplicationContext - Root WebApplicationContext: initialization completed in 2150 ms
2020-12-24 02:39:05.575 [main] INFO  c.a.d.s.b.a.DruidDataSourceAutoConfigure - Init DruidDataSource
2020-12-24 02:39:05.857 [main] INFO  com.alibaba.druid.pool.DruidDataSource - {dataSource-1} inited
2020-12-24 02:39:06.330 [main] INFO  o.s.scheduling.concurrent.ThreadPoolTaskExecutor - Initializing ExecutorService 'applicationTaskExecutor'
2020-12-24 02:39:07.177 [main] INFO  c.a.s.b.f.a.ConfigurationBeanBindingPostProcessor - The configuration bean [<dubbo:application name="aftersale-service" qosEnable="false" hostname="NULL0X73-FX63VM" />] have been binding by the configuration properties [{name=aftersale-service, qos-enable=false}]
2020-12-24 02:39:07.186 [main] INFO  c.a.s.b.f.a.ConfigurationBeanBindingPostProcessor - The configuration bean [<dubbo:registry address="nacos://47.115.162.144:8847" port="8847" protocol="nacos" />] have been binding by the configuration properties [{address=nacos://47.115.162.144:8847}]
2020-12-24 02:39:07.194 [main] INFO  c.a.s.b.f.a.ConfigurationBeanBindingPostProcessor - The configuration bean [<dubbo:protocol name="dubbo" port="28091" />] have been binding by the configuration properties [{name=dubbo, port=28091}]
2020-12-24 02:39:07.203 [main] INFO  c.a.s.b.f.a.ConfigurationBeanBindingPostProcessor - The configuration bean [<dubbo:consumer />] have been binding by the configuration properties [{check=true}]
2020-12-24 02:39:07.225 [main] INFO  org.apache.coyote.http11.Http11NioProtocol - Starting ProtocolHandler ["http-nio-8084"]
2020-12-24 02:39:07.253 [main] INFO  o.s.boot.web.embedded.tomcat.TomcatWebServer - Tomcat started on port(s): 8084 (http) with context path ''
2020-12-24 02:39:07.725 [main] INFO  cn.edu.xmu.other.AftersaleApplication - Started AftersaleApplication in 4.975 seconds (JVM running for 5.517)
